#-----------------------------------------------------------
# Vivado v2019.2 (64-bit)
# SW Build 2708876 on Wed Nov  6 21:40:23 MST 2019
# IP Build 2700528 on Thu Nov  7 00:09:20 MST 2019
# Start of session at: Sun Dec  3 10:40:32 2023
# Process ID: 15728
# Current directory: C:/2023Sam/Vivado2022/Codes/ping-pongText
# Command line: vivado.exe -gui_launcher_event rodinguilauncherevent11340 C:\2023Sam\Vivado2022\Codes\ping-pongText\ping-pong.xpr
# Log file: C:/2023Sam/Vivado2022/Codes/ping-pongText/vivado.log
# Journal file: C:/2023Sam/Vivado2022/Codes/ping-pongText\vivado.jou
#-----------------------------------------------------------
start_gui
open_project C:/2023Sam/Vivado2022/Codes/ping-pongText/ping-pong.xpr
Scanning sources...
Finished scanning sources
INFO: [IP_Flow 19-234] Refreshing IP repositories
INFO: [IP_Flow 19-1704] No user IP repositories specified
INFO: [IP_Flow 19-2313] Loaded Vivado IP repository 'C:/Xilinx/Vivado/2019.2/data/ip'.
open_project: Time (s): cpu = 00:00:16 ; elapsed = 00:00:07 . Memory (MB): peak = 921.773 ; gain = 198.270
update_compile_order -fileset sources_1
reset_run synth_1
launch_runs impl_1 -to_step write_bitstream -jobs 8
[Sun Dec  3 10:59:24 2023] Launched synth_1...
Run output will be captured here: C:/2023Sam/Vivado2022/Codes/ping-pongText/ping-pong.runs/synth_1/runme.log
[Sun Dec  3 10:59:25 2023] Launched impl_1...
Run output will be captured here: C:/2023Sam/Vivado2022/Codes/ping-pongText/ping-pong.runs/impl_1/runme.log
exit
INFO: [Common 17-206] Exiting Vivado at Sun Dec  3 11:06:18 2023...
