
*** Running vivado
    with args -log PicMusic_Top.vds -m64 -product Vivado -mode batch -messageDb vivado.pb -notrace -source PicMusic_Top.tcl


****** Vivado v2019.2 (64-bit)
  **** SW Build 2708876 on Wed Nov  6 21:40:23 MST 2019
  **** IP Build 2700528 on Thu Nov  7 00:09:20 MST 2019
    ** Copyright 1986-2019 Xilinx, Inc. All Rights Reserved.

source PicMusic_Top.tcl -notrace
Command: synth_design -top PicMusic_Top -part xc7a100tcsg324-1
Starting synth_design
Attempting to get a license for feature 'Synthesis' and/or device 'xc7a100t'
INFO: [Common 17-349] Got license for feature 'Synthesis' and/or device 'xc7a100t'
INFO: [Device 21-403] Loading part xc7a100tcsg324-1
INFO: Launching helper process for spawning children vivado processes
INFO: Helper process launched with PID 10848 
---------------------------------------------------------------------------------
Starting RTL Elaboration : Time (s): cpu = 00:00:01 ; elapsed = 00:00:02 . Memory (MB): peak = 976.570 ; gain = 234.613
---------------------------------------------------------------------------------
INFO: [Synth 8-6157] synthesizing module 'PicMusic_Top' [E:/vivado/pic/pic.srcs/sources_1/new/PicMusic_Top.sv:1]
INFO: [Synth 8-6157] synthesizing module 'clkDiv' [E:/vivado/pic/pic.srcs/sources_1/new/clkDiv.sv:2]
INFO: [Synth 8-6155] done synthesizing module 'clkDiv' (1#1) [E:/vivado/pic/pic.srcs/sources_1/new/clkDiv.sv:2]
WARNING: [Synth 8-7023] instance 'C1' of module 'clkDiv' has 4 connections declared, but only 3 given [E:/vivado/pic/pic.srcs/sources_1/new/PicMusic_Top.sv:12]
INFO: [Synth 8-6157] synthesizing module 'VGA640x480' [E:/vivado/pic/pic.srcs/sources_1/new/VGA640x480.sv:1]
	Parameter H_DISPLAY bound to: 640 - type: integer 
	Parameter H_SYNC bound to: 96 - type: integer 
	Parameter H_BACK bound to: 48 - type: integer 
	Parameter H_FRONT bound to: 16 - type: integer 
	Parameter V_DISPLAY bound to: 480 - type: integer 
	Parameter V_SYNC bound to: 2 - type: integer 
	Parameter V_TOP bound to: 29 - type: integer 
	Parameter V_BOTTOM bound to: 10 - type: integer 
	Parameter H_SYNC_START bound to: 144 - type: integer 
	Parameter H_SYNC_END bound to: 784 - type: integer 
	Parameter H_PIXELS bound to: 800 - type: integer 
	Parameter V_SYNC_START bound to: 31 - type: integer 
	Parameter V_SYNC_END bound to: 511 - type: integer 
	Parameter V_LINES bound to: 521 - type: integer 
INFO: [Synth 8-6155] done synthesizing module 'VGA640x480' (2#1) [E:/vivado/pic/pic.srcs/sources_1/new/VGA640x480.sv:1]
INFO: [Synth 8-6157] synthesizing module 'clk60Hz' [E:/vivado/pic/pic.srcs/sources_1/new/clk60Hz.sv:1]
	Parameter N bound to: 1666666 - type: integer 
WARNING: [Synth 8-5788] Register clk60Hz_reg in module clk60Hz is has both Set and reset with same priority. This may cause simulation mismatches. Consider rewriting code  [E:/vivado/pic/pic.srcs/sources_1/new/clk60Hz.sv:13]
INFO: [Synth 8-6155] done synthesizing module 'clk60Hz' (3#1) [E:/vivado/pic/pic.srcs/sources_1/new/clk60Hz.sv:1]
INFO: [Synth 8-6157] synthesizing module 'screen_pic' [E:/vivado/pic/pic.runs/synth_1/.Xil/Vivado-11660-Gilo/realtime/screen_pic_stub.v:6]
INFO: [Synth 8-6155] done synthesizing module 'screen_pic' (4#1) [E:/vivado/pic/pic.runs/synth_1/.Xil/Vivado-11660-Gilo/realtime/screen_pic_stub.v:6]
INFO: [Synth 8-6157] synthesizing module 'pic' [E:/vivado/pic/pic.srcs/sources_1/new/pic.sv:1]
	Parameter MAX_X bound to: 640 - type: integer 
	Parameter MAX_Y bound to: 480 - type: integer 
	Parameter H_SYNC bound to: 96 - type: integer 
	Parameter H_BACK bound to: 48 - type: integer 
	Parameter V_SYNC bound to: 2 - type: integer 
	Parameter V_TOP bound to: 29 - type: integer 
	Parameter H_SYNC_START bound to: 144 - type: integer 
	Parameter V_SYNC_START bound to: 31 - type: integer 
INFO: [Synth 8-6155] done synthesizing module 'pic' (5#1) [E:/vivado/pic/pic.srcs/sources_1/new/pic.sv:1]
INFO: [Synth 8-6157] synthesizing module 'music' [E:/vivado/pic/pic.srcs/sources_1/new/music.sv:1]
	Parameter MEM_SIZE bound to: 110000 - type: integer 
INFO: [Synth 8-6157] synthesizing module 'clk2MHz' [E:/vivado/pic/pic.srcs/sources_1/new/clk2MHz.sv:1]
	Parameter N bound to: 49 - type: integer 
INFO: [Synth 8-6155] done synthesizing module 'clk2MHz' (6#1) [E:/vivado/pic/pic.srcs/sources_1/new/clk2MHz.sv:1]
INFO: [Synth 8-6157] synthesizing module 'Pixel' [E:/vivado/pic/pic.runs/synth_1/.Xil/Vivado-11660-Gilo/realtime/Pixel_stub.v:6]
INFO: [Synth 8-6155] done synthesizing module 'Pixel' (7#1) [E:/vivado/pic/pic.runs/synth_1/.Xil/Vivado-11660-Gilo/realtime/Pixel_stub.v:6]
INFO: [Synth 8-6155] done synthesizing module 'music' (8#1) [E:/vivado/pic/pic.srcs/sources_1/new/music.sv:1]
INFO: [Synth 8-6155] done synthesizing module 'PicMusic_Top' (9#1) [E:/vivado/pic/pic.srcs/sources_1/new/PicMusic_Top.sv:1]
WARNING: [Synth 8-3331] design pic has unconnected port clk
WARNING: [Synth 8-3331] design pic has unconnected port reset
WARNING: [Synth 8-3331] design PicMusic_Top has unconnected port BTNU
WARNING: [Synth 8-3331] design PicMusic_Top has unconnected port BTNC
---------------------------------------------------------------------------------
Finished RTL Elaboration : Time (s): cpu = 00:00:01 ; elapsed = 00:00:03 . Memory (MB): peak = 1051.742 ; gain = 309.785
---------------------------------------------------------------------------------

Report Check Netlist: 
+------+------------------+-------+---------+-------+------------------+
|      |Item              |Errors |Warnings |Status |Description       |
+------+------------------+-------+---------+-------+------------------+
|1     |multi_driven_nets |      0|        0|Passed |Multi driven nets |
+------+------------------+-------+---------+-------+------------------+
---------------------------------------------------------------------------------
Start Handling Custom Attributes
---------------------------------------------------------------------------------
---------------------------------------------------------------------------------
Finished Handling Custom Attributes : Time (s): cpu = 00:00:02 ; elapsed = 00:00:03 . Memory (MB): peak = 1051.742 ; gain = 309.785
---------------------------------------------------------------------------------
---------------------------------------------------------------------------------
Finished RTL Optimization Phase 1 : Time (s): cpu = 00:00:02 ; elapsed = 00:00:03 . Memory (MB): peak = 1051.742 ; gain = 309.785
---------------------------------------------------------------------------------
Netlist sorting complete. Time (s): cpu = 00:00:00 ; elapsed = 00:00:00.002 . Memory (MB): peak = 1051.742 ; gain = 0.000
INFO: [Project 1-570] Preparing netlist for logic optimization

Processing XDC Constraints
Initializing timing engine
Parsing XDC File [e:/vivado/pic/pic.srcs/sources_1/ip/screen_pic/screen_pic/screen_pic_in_context.xdc] for cell 'F1'
Finished Parsing XDC File [e:/vivado/pic/pic.srcs/sources_1/ip/screen_pic/screen_pic/screen_pic_in_context.xdc] for cell 'F1'
Parsing XDC File [e:/vivado/pic/pic.srcs/sources_1/ip/Pixel_1/Pixel/Pixel_in_context.xdc] for cell 'M1/M1'
Finished Parsing XDC File [e:/vivado/pic/pic.srcs/sources_1/ip/Pixel_1/Pixel/Pixel_in_context.xdc] for cell 'M1/M1'
Parsing XDC File [E:/vivado/pic/pic.srcs/constrs_1/new/PicMusic.xdc]
Finished Parsing XDC File [E:/vivado/pic/pic.srcs/constrs_1/new/PicMusic.xdc]
INFO: [Project 1-236] Implementation specific constraints were found while reading constraint file [E:/vivado/pic/pic.srcs/constrs_1/new/PicMusic.xdc]. These constraints will be ignored for synthesis but will be used in implementation. Impacted constraints are listed in the file [.Xil/PicMusic_Top_propImpl.xdc].
Resolution: To avoid this warning, move constraints listed in [.Xil/PicMusic_Top_propImpl.xdc] to another XDC file and exclude this new file from synthesis with the used_in_synthesis property (File Properties dialog in GUI) and re-run elaboration/synthesis.
Completed Processing XDC Constraints

Netlist sorting complete. Time (s): cpu = 00:00:00 ; elapsed = 00:00:00 . Memory (MB): peak = 1148.805 ; gain = 0.000
INFO: [Project 1-111] Unisim Transformation Summary:
No Unisim elements were transformed.

Constraint Validation Runtime : Time (s): cpu = 00:00:00 ; elapsed = 00:00:00.002 . Memory (MB): peak = 1148.805 ; gain = 0.000
WARNING: [Timing 38-316] Clock period '20.000' specified during out-of-context synthesis of instance 'M1/M1' at clock pin 'clka' is different from the actual clock period '10.000', this can lead to different synthesis results.
---------------------------------------------------------------------------------
Finished Constraint Validation : Time (s): cpu = 00:00:04 ; elapsed = 00:00:07 . Memory (MB): peak = 1157.648 ; gain = 415.691
---------------------------------------------------------------------------------
---------------------------------------------------------------------------------
Start Loading Part and Timing Information
---------------------------------------------------------------------------------
Loading part: xc7a100tcsg324-1
---------------------------------------------------------------------------------
Finished Loading Part and Timing Information : Time (s): cpu = 00:00:04 ; elapsed = 00:00:07 . Memory (MB): peak = 1157.648 ; gain = 415.691
---------------------------------------------------------------------------------
---------------------------------------------------------------------------------
Start Applying 'set_property' XDC Constraints
---------------------------------------------------------------------------------
Applied set_property DONT_TOUCH = true for F1. (constraint file  auto generated constraint, line ).
Applied set_property DONT_TOUCH = true for M1/M1. (constraint file  auto generated constraint, line ).
---------------------------------------------------------------------------------
Finished applying 'set_property' XDC Constraints : Time (s): cpu = 00:00:04 ; elapsed = 00:00:07 . Memory (MB): peak = 1157.648 ; gain = 415.691
---------------------------------------------------------------------------------
---------------------------------------------------------------------------------
Finished RTL Optimization Phase 2 : Time (s): cpu = 00:00:04 ; elapsed = 00:00:07 . Memory (MB): peak = 1157.648 ; gain = 415.691
---------------------------------------------------------------------------------

Report RTL Partitions: 
+-+--------------+------------+----------+
| |RTL Partition |Replication |Instances |
+-+--------------+------------+----------+
+-+--------------+------------+----------+
---------------------------------------------------------------------------------
Start RTL Component Statistics 
---------------------------------------------------------------------------------
Detailed RTL Component Info : 
+---Adders : 
	   2 Input     21 Bit       Adders := 1     
	   2 Input     17 Bit       Adders := 1     
	   2 Input     11 Bit       Adders := 4     
	   2 Input      8 Bit       Adders := 1     
	   2 Input      6 Bit       Adders := 1     
+---Registers : 
	               32 Bit    Registers := 1     
	               17 Bit    Registers := 1     
	               11 Bit    Registers := 2     
	                8 Bit    Registers := 1     
	                6 Bit    Registers := 1     
	                1 Bit    Registers := 5     
+---Muxes : 
	   2 Input     21 Bit        Muxes := 1     
	   2 Input     17 Bit        Muxes := 1     
	   2 Input      4 Bit        Muxes := 6     
---------------------------------------------------------------------------------
Finished RTL Component Statistics 
---------------------------------------------------------------------------------
---------------------------------------------------------------------------------
Start RTL Hierarchical Component Statistics 
---------------------------------------------------------------------------------
Hierarchical RTL Component report 
Module VGA640x480 
Detailed RTL Component Info : 
+---Adders : 
	   2 Input     11 Bit       Adders := 2     
+---Registers : 
	               11 Bit    Registers := 2     
	                1 Bit    Registers := 2     
Module clk60Hz 
Detailed RTL Component Info : 
+---Adders : 
	   2 Input     21 Bit       Adders := 1     
+---Registers : 
	               32 Bit    Registers := 1     
	                1 Bit    Registers := 1     
+---Muxes : 
	   2 Input     21 Bit        Muxes := 1     
Module pic 
Detailed RTL Component Info : 
+---Adders : 
	   2 Input     11 Bit       Adders := 2     
+---Muxes : 
	   2 Input      4 Bit        Muxes := 6     
Module clk2MHz 
Detailed RTL Component Info : 
+---Adders : 
	   2 Input      6 Bit       Adders := 1     
+---Registers : 
	                6 Bit    Registers := 1     
	                1 Bit    Registers := 1     
Module music 
Detailed RTL Component Info : 
+---Adders : 
	   2 Input     17 Bit       Adders := 1     
	   2 Input      8 Bit       Adders := 1     
+---Registers : 
	               17 Bit    Registers := 1     
	                8 Bit    Registers := 1     
	                1 Bit    Registers := 1     
+---Muxes : 
	   2 Input     17 Bit        Muxes := 1     
---------------------------------------------------------------------------------
Finished RTL Hierarchical Component Statistics
---------------------------------------------------------------------------------
---------------------------------------------------------------------------------
Start Part Resource Summary
---------------------------------------------------------------------------------
Part Resources:
DSPs: 240 (col length:80)
BRAMs: 270 (col length: RAMB18 80 RAMB36 40)
---------------------------------------------------------------------------------
Finished Part Resource Summary
---------------------------------------------------------------------------------
---------------------------------------------------------------------------------
Start Cross Boundary and Area Optimization
---------------------------------------------------------------------------------
Warning: Parallel synthesis criteria is not met 
DSP Report: Generating DSP P1/picAddr17, operation Mode is: C+A*(B:0x140).
DSP Report: operator P1/picAddr17 is absorbed into DSP P1/picAddr17.
DSP Report: operator P1/picAddr170 is absorbed into DSP P1/picAddr17.
WARNING: [Synth 8-3917] design PicMusic_Top has port AUD_SD driven by constant 1
WARNING: [Synth 8-3331] design PicMusic_Top has unconnected port BTNU
WARNING: [Synth 8-3331] design PicMusic_Top has unconnected port BTNC
---------------------------------------------------------------------------------
Finished Cross Boundary and Area Optimization : Time (s): cpu = 00:00:04 ; elapsed = 00:00:08 . Memory (MB): peak = 1157.648 ; gain = 415.691
---------------------------------------------------------------------------------
---------------------------------------------------------------------------------
Start ROM, RAM, DSP and Shift Register Reporting
---------------------------------------------------------------------------------

DSP: Preliminary Mapping	Report (see note below)
+------------+---------------+--------+--------+--------+--------+--------+------+------+------+------+-------+------+------+
|Module Name | DSP Mapping   | A Size | B Size | C Size | D Size | P Size | AREG | BREG | CREG | DREG | ADREG | MREG | PREG | 
+------------+---------------+--------+--------+--------+--------+--------+------+------+------+------+-------+------+------+
|pic         | C+A*(B:0x140) | 11     | 9      | 11     | -      | 17     | 0    | 0    | 0    | -    | -     | 0    | 0    | 
+------------+---------------+--------+--------+--------+--------+--------+------+------+------+------+-------+------+------+

Note: The table above is a preliminary report that shows the DSPs inferred at the current stage of the synthesis flow. Some DSP may be reimplemented as non DSP primitives later in the synthesis flow. Multiple instantiated DSPs are reported only once.
---------------------------------------------------------------------------------
Finished ROM, RAM, DSP and Shift Register Reporting
---------------------------------------------------------------------------------

Report RTL Partitions: 
+-+--------------+------------+----------+
| |RTL Partition |Replication |Instances |
+-+--------------+------------+----------+
+-+--------------+------------+----------+
---------------------------------------------------------------------------------
Start Applying XDC Timing Constraints
---------------------------------------------------------------------------------
---------------------------------------------------------------------------------
Finished Applying XDC Timing Constraints : Time (s): cpu = 00:00:08 ; elapsed = 00:00:14 . Memory (MB): peak = 1171.613 ; gain = 429.656
---------------------------------------------------------------------------------
---------------------------------------------------------------------------------
Start Timing Optimization
---------------------------------------------------------------------------------
---------------------------------------------------------------------------------
Finished Timing Optimization : Time (s): cpu = 00:00:08 ; elapsed = 00:00:14 . Memory (MB): peak = 1192.164 ; gain = 450.207
---------------------------------------------------------------------------------

Report RTL Partitions: 
+-+--------------+------------+----------+
| |RTL Partition |Replication |Instances |
+-+--------------+------------+----------+
+-+--------------+------------+----------+
---------------------------------------------------------------------------------
Start Technology Mapping
---------------------------------------------------------------------------------
---------------------------------------------------------------------------------
Finished Technology Mapping : Time (s): cpu = 00:00:08 ; elapsed = 00:00:14 . Memory (MB): peak = 1194.426 ; gain = 452.469
---------------------------------------------------------------------------------

Report RTL Partitions: 
+-+--------------+------------+----------+
| |RTL Partition |Replication |Instances |
+-+--------------+------------+----------+
+-+--------------+------------+----------+
---------------------------------------------------------------------------------
Start IO Insertion
---------------------------------------------------------------------------------
---------------------------------------------------------------------------------
Start Flattening Before IO Insertion
---------------------------------------------------------------------------------
---------------------------------------------------------------------------------
Finished Flattening Before IO Insertion
---------------------------------------------------------------------------------
---------------------------------------------------------------------------------
Start Final Netlist Cleanup
---------------------------------------------------------------------------------
---------------------------------------------------------------------------------
Finished Final Netlist Cleanup
---------------------------------------------------------------------------------
---------------------------------------------------------------------------------
Finished IO Insertion : Time (s): cpu = 00:00:09 ; elapsed = 00:00:16 . Memory (MB): peak = 1199.191 ; gain = 457.234
---------------------------------------------------------------------------------
---------------------------------------------------------------------------------
Start Renaming Generated Instances
---------------------------------------------------------------------------------
---------------------------------------------------------------------------------
Finished Renaming Generated Instances : Time (s): cpu = 00:00:09 ; elapsed = 00:00:16 . Memory (MB): peak = 1199.191 ; gain = 457.234
---------------------------------------------------------------------------------

Report RTL Partitions: 
+-+--------------+------------+----------+
| |RTL Partition |Replication |Instances |
+-+--------------+------------+----------+
+-+--------------+------------+----------+

Report Check Netlist: 
+------+------------------+-------+---------+-------+------------------+
|      |Item              |Errors |Warnings |Status |Description       |
+------+------------------+-------+---------+-------+------------------+
|1     |multi_driven_nets |      0|        0|Passed |Multi driven nets |
+------+------------------+-------+---------+-------+------------------+
---------------------------------------------------------------------------------
Start Rebuilding User Hierarchy
---------------------------------------------------------------------------------
---------------------------------------------------------------------------------
Finished Rebuilding User Hierarchy : Time (s): cpu = 00:00:09 ; elapsed = 00:00:16 . Memory (MB): peak = 1199.191 ; gain = 457.234
---------------------------------------------------------------------------------
---------------------------------------------------------------------------------
Start Renaming Generated Ports
---------------------------------------------------------------------------------
---------------------------------------------------------------------------------
Finished Renaming Generated Ports : Time (s): cpu = 00:00:09 ; elapsed = 00:00:16 . Memory (MB): peak = 1199.191 ; gain = 457.234
---------------------------------------------------------------------------------
---------------------------------------------------------------------------------
Start Handling Custom Attributes
---------------------------------------------------------------------------------
---------------------------------------------------------------------------------
Finished Handling Custom Attributes : Time (s): cpu = 00:00:09 ; elapsed = 00:00:16 . Memory (MB): peak = 1199.191 ; gain = 457.234
---------------------------------------------------------------------------------
---------------------------------------------------------------------------------
Start Renaming Generated Nets
---------------------------------------------------------------------------------
---------------------------------------------------------------------------------
Finished Renaming Generated Nets : Time (s): cpu = 00:00:09 ; elapsed = 00:00:16 . Memory (MB): peak = 1199.191 ; gain = 457.234
---------------------------------------------------------------------------------
---------------------------------------------------------------------------------
Start Writing Synthesis Report
---------------------------------------------------------------------------------

Report BlackBoxes: 
+------+--------------+----------+
|      |BlackBox name |Instances |
+------+--------------+----------+
|1     |screen_pic    |         1|
|2     |Pixel         |         1|
+------+--------------+----------+

Report Cell Usage: 
+------+-----------+------+
|      |Cell       |Count |
+------+-----------+------+
|1     |Pixel      |     1|
|2     |screen_pic |     1|
|3     |BUFG       |     1|
|4     |CARRY4     |     6|
|5     |DSP48E1    |     1|
|6     |LUT1       |     6|
|7     |LUT2       |    10|
|8     |LUT3       |    15|
|9     |LUT4       |    22|
|10    |LUT5       |    20|
|11    |LUT6       |    38|
|12    |FDCE       |     2|
|13    |FDRE       |    57|
|14    |IBUF       |     2|
|15    |OBUF       |    16|
+------+-----------+------+

Report Instance Areas: 
+------+---------+-----------+------+
|      |Instance |Module     |Cells |
+------+---------+-----------+------+
|1     |top      |           |   216|
|2     |  C1     |clkDiv     |     4|
|3     |  M1     |music      |    77|
|4     |    C2   |clk2MHz    |    14|
|5     |  P1     |pic        |     1|
|6     |  V1     |VGA640x480 |   103|
+------+---------+-----------+------+
---------------------------------------------------------------------------------
Finished Writing Synthesis Report : Time (s): cpu = 00:00:09 ; elapsed = 00:00:16 . Memory (MB): peak = 1199.191 ; gain = 457.234
---------------------------------------------------------------------------------
Synthesis finished with 0 errors, 0 critical warnings and 3 warnings.
Synthesis Optimization Runtime : Time (s): cpu = 00:00:07 ; elapsed = 00:00:15 . Memory (MB): peak = 1199.191 ; gain = 351.328
Synthesis Optimization Complete : Time (s): cpu = 00:00:09 ; elapsed = 00:00:16 . Memory (MB): peak = 1199.191 ; gain = 457.234
INFO: [Project 1-571] Translating synthesized netlist
Netlist sorting complete. Time (s): cpu = 00:00:00 ; elapsed = 00:00:00.001 . Memory (MB): peak = 1208.180 ; gain = 0.000
INFO: [Netlist 29-17] Analyzing 7 Unisim elements for replacement
INFO: [Netlist 29-28] Unisim Transformation completed in 0 CPU seconds
INFO: [Project 1-570] Preparing netlist for logic optimization
INFO: [Opt 31-138] Pushed 0 inverter(s) to 0 load pin(s).
Netlist sorting complete. Time (s): cpu = 00:00:00 ; elapsed = 00:00:00 . Memory (MB): peak = 1208.180 ; gain = 0.000
INFO: [Project 1-111] Unisim Transformation Summary:
No Unisim elements were transformed.

INFO: [Common 17-83] Releasing license: Synthesis
30 Infos, 10 Warnings, 0 Critical Warnings and 0 Errors encountered.
synth_design completed successfully
synth_design: Time (s): cpu = 00:00:10 ; elapsed = 00:00:20 . Memory (MB): peak = 1208.180 ; gain = 750.824
Netlist sorting complete. Time (s): cpu = 00:00:00 ; elapsed = 00:00:00 . Memory (MB): peak = 1208.180 ; gain = 0.000
WARNING: [Constraints 18-5210] No constraints selected for write.
Resolution: This message can indicate that there are no constraints for the design, or it can indicate that the used_in flags are set such that the constraints are ignored. This later case is used when running synth_design to not write synthesis constraints to the resulting checkpoint. Instead, project constraints are read when the synthesized design is opened.
INFO: [Common 17-1381] The checkpoint 'E:/vivado/pic/pic.runs/synth_1/PicMusic_Top.dcp' has been generated.
INFO: [runtcl-4] Executing : report_utilization -file PicMusic_Top_utilization_synth.rpt -pb PicMusic_Top_utilization_synth.pb
INFO: [Common 17-206] Exiting Vivado at Sat Dec  7 22:50:46 2024...
