Copyright 1986-2019 Xilinx, Inc. All Rights Reserved.
----------------------------------------------------------------------------------------------
| Tool Version : Vivado v.2019.2 (win64) Build 2708876 Wed Nov  6 21:40:23 MST 2019
| Date         : Sun Dec  3 11:01:48 2023
| Host         : Sam2018 running 64-bit major release  (build 9200)
| Command      : report_control_sets -verbose -file pingpong_text_Top_control_sets_placed.rpt
| Design       : pingpong_text_Top
| Device       : xc7a100t
----------------------------------------------------------------------------------------------

Control Set Information

Table of Contents
-----------------
1. Summary
2. Histogram
3. Flip-Flop Distribution
4. Detailed Control Set Information

1. Summary
----------

+----------------------------------------------------------+-------+
|                          Status                          | Count |
+----------------------------------------------------------+-------+
| Total control sets                                       |     8 |
|    Minimum number of control sets                        |     8 |
|    Addition due to synthesis replication                 |     0 |
|    Addition due to physical synthesis replication        |     0 |
| Unused register locations in slices containing registers |    30 |
+----------------------------------------------------------+-------+
* Control sets can be merged at opt_design using control_set_merge or merge_equivalent_drivers
** Run report_qor_suggestions for automated merging and remapping suggestions


2. Histogram
------------

+--------------------+-------+
|       Fanout       | Count |
+--------------------+-------+
| Total control sets |     8 |
| >= 0 to < 4        |     1 |
| >= 4 to < 6        |     1 |
| >= 6 to < 8        |     0 |
| >= 8 to < 10       |     1 |
| >= 10 to < 12      |     3 |
| >= 12 to < 14      |     0 |
| >= 14 to < 16      |     0 |
| >= 16              |     2 |
+--------------------+-------+
* Control sets can be remapped at either synth_design or opt_design


3. Flip-Flop Distribution
-------------------------

+--------------+-----------------------+------------------------+-----------------+--------------+
| Clock Enable | Synchronous Set/Reset | Asynchronous Set/Reset | Total Registers | Total Slices |
+--------------+-----------------------+------------------------+-----------------+--------------+
| No           | No                    | No                     |               9 |            8 |
| No           | No                    | Yes                    |              45 |           16 |
| No           | Yes                   | No                     |              11 |            5 |
| Yes          | No                    | No                     |               0 |            0 |
| Yes          | No                    | Yes                    |              14 |            4 |
| Yes          | Yes                   | No                     |              11 |            3 |
+--------------+-----------------------+------------------------+-----------------+--------------+


4. Detailed Control Set Information
-----------------------------------

+----------------------+------------------------+-----------------------+------------------+----------------+
|     Clock Signal     |      Enable Signal     |    Set/Reset Signal   | Slice Load Count | Bel Load Count |
+----------------------+------------------------+-----------------------+------------------+----------------+
|  CLK100MHZ_IBUF_BUFG |                        |                       |                1 |              1 |
|  clk_BUFG            | P1/textBalls0          | BTND_IBUF             |                1 |              4 |
|  C1/out_BUFG[0]      |                        |                       |                7 |              8 |
|  clk_BUFG            | P1/bar_y_t[10]_i_1_n_0 | BTND_IBUF             |                3 |             10 |
|  C1/out_BUFG[0]      |                        | V1/hMaxed             |                5 |             11 |
|  C1/out_BUFG[0]      | V1/yPixel[10]_i_2_n_0  | V1/yPixel[10]_i_1_n_0 |                3 |             11 |
|  clk_BUFG            |                        | BTND_IBUF             |               10 |             22 |
|  CLK100MHZ_IBUF_BUFG |                        | BTND_IBUF             |                6 |             23 |
+----------------------+------------------------+-----------------------+------------------+----------------+


