#-----------------------------------------------------------
# Vivado v2019.2 (64-bit)
# SW Build 2708876 on Wed Nov  6 21:40:23 MST 2019
# IP Build 2700528 on Thu Nov  7 00:09:20 MST 2019
# Start of session at: Mon Dec  5 22:23:04 2022
# Process ID: 11276
# Current directory: C:/_SamData/Vivado2022/Codes/ping-pong
# Command line: vivado.exe -gui_launcher_event rodinguilauncherevent11608 C:\_SamData\Vivado2022\Codes\ping-pong\ping-pong.xpr
# Log file: C:/_SamData/Vivado2022/Codes/ping-pong/vivado.log
# Journal file: C:/_SamData/Vivado2022/Codes/ping-pong\vivado.jou
#-----------------------------------------------------------
start_gui
open_project C:/_SamData/Vivado2022/Codes/ping-pong/ping-pong.xpr
INFO: [Project 1-313] Project file moved from 'C:/_SamData/Vivado2022-/Codes/ping-pong' since last save.
Scanning sources...
Finished scanning sources
INFO: [IP_Flow 19-234] Refreshing IP repositories
INFO: [IP_Flow 19-1704] No user IP repositories specified
INFO: [IP_Flow 19-2313] Loaded Vivado IP repository 'C:/Xilinx/Vivado/2019.2/data/ip'.
open_project: Time (s): cpu = 00:00:17 ; elapsed = 00:00:08 . Memory (MB): peak = 894.891 ; gain = 231.465
update_compile_order -fileset sources_1
exit
INFO: [Common 17-206] Exiting Vivado at Mon Dec  5 22:24:17 2022...
