#-----------------------------------------------------------
# Vivado v2019.2 (64-bit)
# SW Build 2708876 on Wed Nov  6 21:40:23 MST 2019
# IP Build 2700528 on Thu Nov  7 00:09:20 MST 2019
# Start of session at: Mon Nov 25 11:25:53 2024
# Process ID: 16400
# Current directory: E:/vivado/ping-pong
# Command line: vivado.exe -gui_launcher_event rodinguilauncherevent13632 E:\vivado\ping-pong\ping-pong.xpr
# Log file: E:/vivado/ping-pong/vivado.log
# Journal file: E:/vivado/ping-pong\vivado.jou
#-----------------------------------------------------------
start_gui
open_project E:/vivado/ping-pong/ping-pong.xpr
INFO: [Project 1-313] Project file moved from 'C:/_SamData/Vivado2022-/Codes/ping-pong' since last save.
Scanning sources...
Finished scanning sources
INFO: [IP_Flow 19-234] Refreshing IP repositories
INFO: [IP_Flow 19-1704] No user IP repositories specified
INFO: [IP_Flow 19-2313] Loaded Vivado IP repository 'E:/Xilinx/Vivado/2019.2/data/ip'.
update_compile_order -fileset sources_1
exit
INFO: [Common 17-206] Exiting Vivado at Mon Nov 25 11:28:58 2024...
