#-----------------------------------------------------------
# Vivado v2019.2 (64-bit)
# SW Build 2708876 on Wed Nov  6 21:40:23 MST 2019
# IP Build 2700528 on Thu Nov  7 00:09:20 MST 2019
# Start of session at: Tue Oct 15 22:53:59 2024
# Process ID: 1864
# Current directory: C:/Users/Gyro/Desktop/study/新大二上/数字逻辑/实验/FlipFlop/FlipFlop
# Command line: vivado.exe -gui_launcher_event rodinguilauncherevent13668 C:\Users\Gyro\Desktop\study\新大二上\数字逻辑\实验\FlipFlop\FlipFlop\FlipFlop.xpr
# Log file: C:/Users/Gyro/Desktop/study/新大二上/数字逻辑/实验/FlipFlop/FlipFlop/vivado.log
# Journal file: C:/Users/Gyro/Desktop/study/新大二上/数字逻辑/实验/FlipFlop/FlipFlop\vivado.jou
#-----------------------------------------------------------
start_gui
open_project C:/Users/Gyro/Desktop/study/新大二上/数字逻辑/实验/FlipFlop/FlipFlop/FlipFlop.xpr
INFO: [Project 1-313] Project file moved from 'C:/_SamData/Vivado2022/Codes/FlipFlop' since last save.
Scanning sources...
Finished scanning sources
INFO: [IP_Flow 19-234] Refreshing IP repositories
INFO: [IP_Flow 19-1704] No user IP repositories specified
INFO: [IP_Flow 19-2313] Loaded Vivado IP repository 'E:/Xilinx/Vivado/2019.2/data/ip'.
update_compile_order -fileset sources_1
reset_run synth_1
launch_runs impl_1 -to_step write_bitstream -jobs 10
[Tue Oct 15 22:56:11 2024] Launched synth_1...
Run output will be captured here: C:/Users/Gyro/Desktop/study/新大二上/数字逻辑/实验/FlipFlop/FlipFlop/FlipFlop.runs/synth_1/runme.log
[Tue Oct 15 22:56:11 2024] Launched impl_1...
Run output will be captured here: C:/Users/Gyro/Desktop/study/新大二上/数字逻辑/实验/FlipFlop/FlipFlop/FlipFlop.runs/impl_1/runme.log
exit
INFO: [Common 17-206] Exiting Vivado at Tue Oct 15 22:56:36 2024...
