#-----------------------------------------------------------
# Vivado v2019.2 (64-bit)
# SW Build 2708876 on Wed Nov  6 21:40:23 MST 2019
# IP Build 2700528 on Thu Nov  7 00:09:20 MST 2019
# Start of session at: Fri Oct 21 15:08:02 2022
# Process ID: 12376
# Current directory: C:/_SamData/Vivado2022/Codes/Example34_Multiplication
# Command line: vivado.exe -gui_launcher_event rodinguilauncherevent14032 C:\_SamData\Vivado2022\Codes\Example34_Multiplication\Example34_Multiplication.xpr
# Log file: C:/_SamData/Vivado2022/Codes/Example34_Multiplication/vivado.log
# Journal file: C:/_SamData/Vivado2022/Codes/Example34_Multiplication\vivado.jou
#-----------------------------------------------------------
start_gui
open_project C:/_SamData/Vivado2022/Codes/Example34_Multiplication/Example34_Multiplication.xpr
INFO: [Project 1-313] Project file moved from 'C:/Users/Sam/Documents/Vivado2015/Example34_Multiplication' since last save.
Scanning sources...
Finished scanning sources
CRITICAL WARNING: [Board 49-67] The board_part definition was not found for digilentinc.com:nexys4_ddr:part0:1.1. This can happen sometimes when you use custom board part. You can resolve this issue by setting 'board.repoPaths' parameter, pointing to the location of custom board files. Valid board_part values can be retrieved with the 'get_board_parts' Tcl command.
INFO: [Project 1-230] Project 'Example34_Multiplication.xpr' upgraded for this version of Vivado.
INFO: [IP_Flow 19-234] Refreshing IP repositories
INFO: [IP_Flow 19-1704] No user IP repositories specified
INFO: [IP_Flow 19-2313] Loaded Vivado IP repository 'C:/Xilinx/Vivado/2019.2/data/ip'.
open_project: Time (s): cpu = 00:00:15 ; elapsed = 00:00:07 . Memory (MB): peak = 871.309 ; gain = 191.605
update_compile_order -fileset sources_1
reset_run synth_1
launch_runs impl_1 -to_step write_bitstream -jobs 4
[Fri Oct 21 15:15:21 2022] Launched synth_1...
Run output will be captured here: C:/_SamData/Vivado2022/Codes/Example34_Multiplication/Example34_Multiplication.runs/synth_1/runme.log
[Fri Oct 21 15:15:21 2022] Launched impl_1...
Run output will be captured here: C:/_SamData/Vivado2022/Codes/Example34_Multiplication/Example34_Multiplication.runs/impl_1/runme.log
exit
INFO: [Common 17-206] Exiting Vivado at Fri Oct 21 15:18:49 2022...
