#-----------------------------------------------------------
# Vivado v2019.2 (64-bit)
# SW Build 2708876 on Wed Nov  6 21:40:23 MST 2019
# IP Build 2700528 on Thu Nov  7 00:09:20 MST 2019
# Start of session at: Sun Nov 20 22:56:29 2022
# Process ID: 13124
# Current directory: C:/_SamData/Vivado2022/Codes/Example56_Traffic
# Command line: vivado.exe -gui_launcher_event rodinguilauncherevent3440 C:\_SamData\Vivado2022\Codes\Example56_Traffic\Example56_Traffic.xpr
# Log file: C:/_SamData/Vivado2022/Codes/Example56_Traffic/vivado.log
# Journal file: C:/_SamData/Vivado2022/Codes/Example56_Traffic\vivado.jou
#-----------------------------------------------------------
start_gui
open_project C:/_SamData/Vivado2022/Codes/Example56_Traffic/Example56_Traffic.xpr
INFO: [Project 1-313] Project file moved from 'C:/Users/Sam/Documents/Vivado2015/Example56_Traffic' since last save.
Scanning sources...
Finished scanning sources
CRITICAL WARNING: [Board 49-67] The board_part definition was not found for digilentinc.com:nexys4_ddr:part0:1.1. This can happen sometimes when you use custom board part. You can resolve this issue by setting 'board.repoPaths' parameter, pointing to the location of custom board files. Valid board_part values can be retrieved with the 'get_board_parts' Tcl command.
INFO: [Project 1-230] Project 'Example56_Traffic.xpr' upgraded for this version of Vivado.
INFO: [IP_Flow 19-234] Refreshing IP repositories
INFO: [IP_Flow 19-1704] No user IP repositories specified
INFO: [IP_Flow 19-2313] Loaded Vivado IP repository 'C:/Xilinx/Vivado/2019.2/data/ip'.
open_project: Time (s): cpu = 00:00:15 ; elapsed = 00:00:07 . Memory (MB): peak = 862.707 ; gain = 177.371
update_compile_order -fileset sources_1
reset_run synth_1
launch_runs impl_1 -to_step write_bitstream -jobs 4
[Sun Nov 20 23:00:58 2022] Launched synth_1...
Run output will be captured here: C:/_SamData/Vivado2022/Codes/Example56_Traffic/Example56_Traffic.runs/synth_1/runme.log
[Sun Nov 20 23:00:58 2022] Launched impl_1...
Run output will be captured here: C:/_SamData/Vivado2022/Codes/Example56_Traffic/Example56_Traffic.runs/impl_1/runme.log
exit
INFO: [Common 17-206] Exiting Vivado at Sun Nov 20 23:10:00 2022...
