#-----------------------------------------------------------
# Vivado v2019.2 (64-bit)
# SW Build 2708876 on Wed Nov  6 21:40:23 MST 2019
# IP Build 2700528 on Thu Nov  7 00:09:20 MST 2019
# Start of session at: Fri Oct 21 15:27:34 2022
# Process ID: 9328
# Current directory: C:/_SamData/Vivado2022/Codes/Example27_Adder
# Command line: vivado.exe -gui_launcher_event rodinguilauncherevent5288 C:\_SamData\Vivado2022\Codes\Example27_Adder\Example27_Adder.xpr
# Log file: C:/_SamData/Vivado2022/Codes/Example27_Adder/vivado.log
# Journal file: C:/_SamData/Vivado2022/Codes/Example27_Adder\vivado.jou
#-----------------------------------------------------------
start_gui
open_project C:/_SamData/Vivado2022/Codes/Example27_Adder/Example27_Adder.xpr
INFO: [Project 1-313] Project file moved from 'C:/Users/Sam/Documents/Vivado2015/Example27_Adder' since last save.
Scanning sources...
Finished scanning sources
CRITICAL WARNING: [Board 49-67] The board_part definition was not found for digilentinc.com:nexys4_ddr:part0:1.1. This can happen sometimes when you use custom board part. You can resolve this issue by setting 'board.repoPaths' parameter, pointing to the location of custom board files. Valid board_part values can be retrieved with the 'get_board_parts' Tcl command.
INFO: [Project 1-230] Project 'Example27_Adder.xpr' upgraded for this version of Vivado.
INFO: [IP_Flow 19-234] Refreshing IP repositories
INFO: [IP_Flow 19-1704] No user IP repositories specified
INFO: [IP_Flow 19-2313] Loaded Vivado IP repository 'C:/Xilinx/Vivado/2019.2/data/ip'.
open_project: Time (s): cpu = 00:00:15 ; elapsed = 00:00:06 . Memory (MB): peak = 882.133 ; gain = 174.746
update_compile_order -fileset sources_1
close [ open C:/_SamData/Vivado2022/Codes/Example27_Adder/Example27_Adder.srcs/sources_1/new/SignedAdderN.sv w ]
add_files C:/_SamData/Vivado2022/Codes/Example27_Adder/Example27_Adder.srcs/sources_1/new/SignedAdderN.sv
update_compile_order -fileset sources_1
exit
INFO: [Common 17-206] Exiting Vivado at Fri Oct 21 15:45:51 2022...
