Vivado Simulator 2015.4
Copyright 1986-1999, 2001-2015 Xilinx, Inc. All Rights Reserved.
Running: C:/Xilinx/Vivado/2015.4/bin/unwrapped/win64.o/xelab.exe -wto 91f738267fcf43dab3df1eb4d89d8569 --debug typical --relax --mt 2 -L xil_defaultlib -L unisims_ver -L unimacro_ver -L secureip --snapshot Traffic_Top_behav xil_defaultlib.Traffic_Top xil_defaultlib.glbl -log elaborate.log 
Using 2 slave threads.
Starting static elaboration
Completed static elaboration
Starting simulation data flow analysis
WARNING: [XSIM 43-4100] "C:/Users/Sam/Documents/Vivado2015/Example56_Traffic/Example56_Traffic.srcs/sources_1/new/clkdiv.sv" Line 3. Module clkdiv has a timescale but at least one module in design doesn't have timescale.
WARNING: [XSIM 43-4100] "C:/Users/Sam/Documents/Vivado2015/Example56_Traffic/Example56_Traffic.srcs/sources_1/new/Traffic3.sv" Line 3. Module Traffic3 has a timescale but at least one module in design doesn't have timescale.
WARNING: [XSIM 43-4100] "C:/Users/Sam/Documents/Vivado2015/Example56_Traffic/Example56_Traffic.sim/sim_1/behav/glbl.v" Line 6. Module glbl has a timescale but at least one module in design doesn't have timescale.
WARNING: [XSIM 43-4100] "C:/Users/Sam/Documents/Vivado2015/Example56_Traffic/Example56_Traffic.srcs/sources_1/new/clkdiv.sv" Line 3. Module clkdiv has a timescale but at least one module in design doesn't have timescale.
WARNING: [XSIM 43-4100] "C:/Users/Sam/Documents/Vivado2015/Example56_Traffic/Example56_Traffic.srcs/sources_1/new/Traffic3.sv" Line 3. Module Traffic3 has a timescale but at least one module in design doesn't have timescale.
WARNING: [XSIM 43-4100] "C:/Users/Sam/Documents/Vivado2015/Example56_Traffic/Example56_Traffic.sim/sim_1/behav/glbl.v" Line 6. Module glbl has a timescale but at least one module in design doesn't have timescale.
Completed simulation data flow analysis
Time Resolution for simulation is 1ps
Compiling module xil_defaultlib.clkdiv
Compiling module xil_defaultlib.Traffic3
Compiling module xil_defaultlib.Traffic_Top
Compiling module xil_defaultlib.glbl
Built simulation snapshot Traffic_Top_behav
