
*** Running vivado
    with args -log Mult_Top.vds -m64 -product Vivado -mode batch -messageDb vivado.pb -notrace -source Mult_Top.tcl


****** Vivado v2019.2 (64-bit)
  **** SW Build 2708876 on Wed Nov  6 21:40:23 MST 2019
  **** IP Build 2700528 on Thu Nov  7 00:09:20 MST 2019
    ** Copyright 1986-2019 Xilinx, Inc. All Rights Reserved.

source Mult_Top.tcl -notrace
Command: synth_design -top Mult_Top -part xc7a100tcsg324-1
Starting synth_design
Attempting to get a license for feature 'Synthesis' and/or device 'xc7a100t'
INFO: [Common 17-349] Got license for feature 'Synthesis' and/or device 'xc7a100t'
INFO: [Device 21-403] Loading part xc7a100tcsg324-1
INFO: Launching helper process for spawning children vivado processes
INFO: Helper process launched with PID 1648 
---------------------------------------------------------------------------------
Starting RTL Elaboration : Time (s): cpu = 00:00:01 ; elapsed = 00:00:02 . Memory (MB): peak = 976.074 ; gain = 234.230
---------------------------------------------------------------------------------
INFO: [Synth 8-6157] synthesizing module 'Mult_Top' [E:/vivado/Mul_Table/Mul_Table.srcs/sources_1/new/Mult_Top.sv:1]
INFO: [Synth 8-6157] synthesizing module 'mult_gen_0' [E:/vivado/Mul_Table/Mul_Table.runs/synth_1/.Xil/Vivado-5016-Gilo/realtime/mult_gen_0_stub.v:6]
INFO: [Synth 8-6155] done synthesizing module 'mult_gen_0' (1#1) [E:/vivado/Mul_Table/Mul_Table.runs/synth_1/.Xil/Vivado-5016-Gilo/realtime/mult_gen_0_stub.v:6]
INFO: [Synth 8-6157] synthesizing module 'Bin2BCD' [E:/vivado/Mul_Table/Mul_Table.srcs/sources_1/new/Bin2BCD.sv:2]
WARNING: [Synth 8-3936] Found unconnected internal register 'shift_reg_reg' and it is trimmed from '24' to '16' bits. [E:/vivado/Mul_Table/Mul_Table.srcs/sources_1/new/Bin2BCD.sv:14]
INFO: [Synth 8-6155] done synthesizing module 'Bin2BCD' (2#1) [E:/vivado/Mul_Table/Mul_Table.srcs/sources_1/new/Bin2BCD.sv:2]
INFO: [Synth 8-6157] synthesizing module 'x7seg' [E:/vivado/Mul_Table/Mul_Table.srcs/sources_1/new/x7seg.sv:2]
INFO: [Synth 8-6157] synthesizing module 'Hex7Seg' [E:/vivado/Mul_Table/Mul_Table.srcs/sources_1/new/Hex7Seg.sv:2]
INFO: [Synth 8-226] default block is never used [E:/vivado/Mul_Table/Mul_Table.srcs/sources_1/new/Hex7Seg.sv:18]
INFO: [Synth 8-6155] done synthesizing module 'Hex7Seg' (3#1) [E:/vivado/Mul_Table/Mul_Table.srcs/sources_1/new/Hex7Seg.sv:2]
INFO: [Synth 8-6155] done synthesizing module 'x7seg' (4#1) [E:/vivado/Mul_Table/Mul_Table.srcs/sources_1/new/x7seg.sv:2]
WARNING: [Synth 8-7023] instance 'seg_disp' of module 'x7seg' has 9 connections declared, but only 8 given [E:/vivado/Mul_Table/Mul_Table.srcs/sources_1/new/Mult_Top.sv:50]
INFO: [Synth 8-6155] done synthesizing module 'Mult_Top' (5#1) [E:/vivado/Mul_Table/Mul_Table.srcs/sources_1/new/Mult_Top.sv:1]
---------------------------------------------------------------------------------
Finished RTL Elaboration : Time (s): cpu = 00:00:01 ; elapsed = 00:00:03 . Memory (MB): peak = 1048.316 ; gain = 306.473
---------------------------------------------------------------------------------

Report Check Netlist: 
+------+------------------+-------+---------+-------+------------------+
|      |Item              |Errors |Warnings |Status |Description       |
+------+------------------+-------+---------+-------+------------------+
|1     |multi_driven_nets |      0|        0|Passed |Multi driven nets |
+------+------------------+-------+---------+-------+------------------+
---------------------------------------------------------------------------------
Start Handling Custom Attributes
---------------------------------------------------------------------------------
---------------------------------------------------------------------------------
Finished Handling Custom Attributes : Time (s): cpu = 00:00:01 ; elapsed = 00:00:03 . Memory (MB): peak = 1048.316 ; gain = 306.473
---------------------------------------------------------------------------------
---------------------------------------------------------------------------------
Finished RTL Optimization Phase 1 : Time (s): cpu = 00:00:01 ; elapsed = 00:00:03 . Memory (MB): peak = 1048.316 ; gain = 306.473
---------------------------------------------------------------------------------
Netlist sorting complete. Time (s): cpu = 00:00:00 ; elapsed = 00:00:00.002 . Memory (MB): peak = 1048.316 ; gain = 0.000
INFO: [Project 1-570] Preparing netlist for logic optimization

Processing XDC Constraints
Initializing timing engine
Parsing XDC File [e:/vivado/Mul_Table/Mul_Table.srcs/sources_1/ip/mult_gen_0/mult_gen_0/mult_gen_0_in_context.xdc] for cell 'm0'
Finished Parsing XDC File [e:/vivado/Mul_Table/Mul_Table.srcs/sources_1/ip/mult_gen_0/mult_gen_0/mult_gen_0_in_context.xdc] for cell 'm0'
Parsing XDC File [E:/vivado/Nexys4DDR_Master.xdc]
Finished Parsing XDC File [E:/vivado/Nexys4DDR_Master.xdc]
INFO: [Project 1-236] Implementation specific constraints were found while reading constraint file [E:/vivado/Nexys4DDR_Master.xdc]. These constraints will be ignored for synthesis but will be used in implementation. Impacted constraints are listed in the file [.Xil/Mult_Top_propImpl.xdc].
Resolution: To avoid this warning, move constraints listed in [.Xil/Mult_Top_propImpl.xdc] to another XDC file and exclude this new file from synthesis with the used_in_synthesis property (File Properties dialog in GUI) and re-run elaboration/synthesis.
Parsing XDC File [E:/vivado/Mul_Table/Mul_Table.runs/synth_1/dont_touch.xdc]
Finished Parsing XDC File [E:/vivado/Mul_Table/Mul_Table.runs/synth_1/dont_touch.xdc]
Completed Processing XDC Constraints

Netlist sorting complete. Time (s): cpu = 00:00:00 ; elapsed = 00:00:00 . Memory (MB): peak = 1145.641 ; gain = 0.000
INFO: [Project 1-111] Unisim Transformation Summary:
No Unisim elements were transformed.

Constraint Validation Runtime : Time (s): cpu = 00:00:00 ; elapsed = 00:00:00.002 . Memory (MB): peak = 1145.641 ; gain = 0.000
WARNING: [Timing 38-316] Clock period '100.000' specified during out-of-context synthesis of instance 'm0' at clock pin 'CLK' is different from the actual clock period '10.000', this can lead to different synthesis results.
---------------------------------------------------------------------------------
Finished Constraint Validation : Time (s): cpu = 00:00:02 ; elapsed = 00:00:07 . Memory (MB): peak = 1154.953 ; gain = 413.109
---------------------------------------------------------------------------------
---------------------------------------------------------------------------------
Start Loading Part and Timing Information
---------------------------------------------------------------------------------
Loading part: xc7a100tcsg324-1
---------------------------------------------------------------------------------
Finished Loading Part and Timing Information : Time (s): cpu = 00:00:02 ; elapsed = 00:00:07 . Memory (MB): peak = 1154.953 ; gain = 413.109
---------------------------------------------------------------------------------
---------------------------------------------------------------------------------
Start Applying 'set_property' XDC Constraints
---------------------------------------------------------------------------------
Applied set_property DONT_TOUCH = true for m0. (constraint file  auto generated constraint, line ).
---------------------------------------------------------------------------------
Finished applying 'set_property' XDC Constraints : Time (s): cpu = 00:00:02 ; elapsed = 00:00:07 . Memory (MB): peak = 1154.953 ; gain = 413.109
---------------------------------------------------------------------------------
---------------------------------------------------------------------------------
Finished RTL Optimization Phase 2 : Time (s): cpu = 00:00:02 ; elapsed = 00:00:07 . Memory (MB): peak = 1154.953 ; gain = 413.109
---------------------------------------------------------------------------------

Report RTL Partitions: 
+-+--------------+------------+----------+
| |RTL Partition |Replication |Instances |
+-+--------------+------------+----------+
+-+--------------+------------+----------+
---------------------------------------------------------------------------------
Start RTL Component Statistics 
---------------------------------------------------------------------------------
Detailed RTL Component Info : 
+---Adders : 
	   2 Input      4 Bit       Adders := 12    
+---Muxes : 
	   2 Input     16 Bit        Muxes := 1     
	   7 Input      8 Bit        Muxes := 1     
	  20 Input      7 Bit        Muxes := 1     
	   2 Input      4 Bit        Muxes := 6     
	   4 Input      4 Bit        Muxes := 1     
	   2 Input      2 Bit        Muxes := 1     
	   3 Input      2 Bit        Muxes := 1     
	   5 Input      2 Bit        Muxes := 1     
---------------------------------------------------------------------------------
Finished RTL Component Statistics 
---------------------------------------------------------------------------------
---------------------------------------------------------------------------------
Start RTL Hierarchical Component Statistics 
---------------------------------------------------------------------------------
Hierarchical RTL Component report 
Module Bin2BCD 
Detailed RTL Component Info : 
+---Adders : 
	   2 Input      4 Bit       Adders := 12    
+---Muxes : 
	   2 Input     16 Bit        Muxes := 1     
	   2 Input      4 Bit        Muxes := 6     
Module Hex7Seg 
Detailed RTL Component Info : 
+---Muxes : 
	  20 Input      7 Bit        Muxes := 1     
Module x7seg 
Detailed RTL Component Info : 
+---Muxes : 
	   7 Input      8 Bit        Muxes := 1     
	   4 Input      4 Bit        Muxes := 1     
	   2 Input      2 Bit        Muxes := 1     
	   3 Input      2 Bit        Muxes := 1     
	   5 Input      2 Bit        Muxes := 1     
---------------------------------------------------------------------------------
Finished RTL Hierarchical Component Statistics
---------------------------------------------------------------------------------
---------------------------------------------------------------------------------
Start Part Resource Summary
---------------------------------------------------------------------------------
Part Resources:
DSPs: 240 (col length:80)
BRAMs: 270 (col length: RAMB18 80 RAMB36 40)
---------------------------------------------------------------------------------
Finished Part Resource Summary
---------------------------------------------------------------------------------
---------------------------------------------------------------------------------
Start Cross Boundary and Area Optimization
---------------------------------------------------------------------------------
Warning: Parallel synthesis criteria is not met 
WARNING: [Synth 8-3917] design Mult_Top has port AN[1] driven by constant 1
WARNING: [Synth 8-3917] design Mult_Top has port AN[0] driven by constant 1
WARNING: [Synth 8-3917] design Mult_Top has port DP driven by constant 1
---------------------------------------------------------------------------------
Finished Cross Boundary and Area Optimization : Time (s): cpu = 00:00:03 ; elapsed = 00:00:08 . Memory (MB): peak = 1154.953 ; gain = 413.109
---------------------------------------------------------------------------------

Report RTL Partitions: 
+-+--------------+------------+----------+
| |RTL Partition |Replication |Instances |
+-+--------------+------------+----------+
+-+--------------+------------+----------+
---------------------------------------------------------------------------------
Start Applying XDC Timing Constraints
---------------------------------------------------------------------------------
---------------------------------------------------------------------------------
Finished Applying XDC Timing Constraints : Time (s): cpu = 00:00:04 ; elapsed = 00:00:13 . Memory (MB): peak = 1154.953 ; gain = 413.109
---------------------------------------------------------------------------------
---------------------------------------------------------------------------------
Start Timing Optimization
---------------------------------------------------------------------------------
---------------------------------------------------------------------------------
Finished Timing Optimization : Time (s): cpu = 00:00:04 ; elapsed = 00:00:13 . Memory (MB): peak = 1154.953 ; gain = 413.109
---------------------------------------------------------------------------------

Report RTL Partitions: 
+-+--------------+------------+----------+
| |RTL Partition |Replication |Instances |
+-+--------------+------------+----------+
+-+--------------+------------+----------+
---------------------------------------------------------------------------------
Start Technology Mapping
---------------------------------------------------------------------------------
---------------------------------------------------------------------------------
Finished Technology Mapping : Time (s): cpu = 00:00:04 ; elapsed = 00:00:13 . Memory (MB): peak = 1154.953 ; gain = 413.109
---------------------------------------------------------------------------------

Report RTL Partitions: 
+-+--------------+------------+----------+
| |RTL Partition |Replication |Instances |
+-+--------------+------------+----------+
+-+--------------+------------+----------+
---------------------------------------------------------------------------------
Start IO Insertion
---------------------------------------------------------------------------------
---------------------------------------------------------------------------------
Start Flattening Before IO Insertion
---------------------------------------------------------------------------------
---------------------------------------------------------------------------------
Finished Flattening Before IO Insertion
---------------------------------------------------------------------------------
---------------------------------------------------------------------------------
Start Final Netlist Cleanup
---------------------------------------------------------------------------------
---------------------------------------------------------------------------------
Finished Final Netlist Cleanup
---------------------------------------------------------------------------------
---------------------------------------------------------------------------------
Finished IO Insertion : Time (s): cpu = 00:00:05 ; elapsed = 00:00:15 . Memory (MB): peak = 1157.781 ; gain = 415.938
---------------------------------------------------------------------------------
---------------------------------------------------------------------------------
Start Renaming Generated Instances
---------------------------------------------------------------------------------
---------------------------------------------------------------------------------
Finished Renaming Generated Instances : Time (s): cpu = 00:00:05 ; elapsed = 00:00:15 . Memory (MB): peak = 1157.781 ; gain = 415.938
---------------------------------------------------------------------------------

Report RTL Partitions: 
+-+--------------+------------+----------+
| |RTL Partition |Replication |Instances |
+-+--------------+------------+----------+
+-+--------------+------------+----------+

Report Check Netlist: 
+------+------------------+-------+---------+-------+------------------+
|      |Item              |Errors |Warnings |Status |Description       |
+------+------------------+-------+---------+-------+------------------+
|1     |multi_driven_nets |      0|        0|Passed |Multi driven nets |
+------+------------------+-------+---------+-------+------------------+
---------------------------------------------------------------------------------
Start Rebuilding User Hierarchy
---------------------------------------------------------------------------------
---------------------------------------------------------------------------------
Finished Rebuilding User Hierarchy : Time (s): cpu = 00:00:05 ; elapsed = 00:00:15 . Memory (MB): peak = 1157.781 ; gain = 415.938
---------------------------------------------------------------------------------
---------------------------------------------------------------------------------
Start Renaming Generated Ports
---------------------------------------------------------------------------------
---------------------------------------------------------------------------------
Finished Renaming Generated Ports : Time (s): cpu = 00:00:05 ; elapsed = 00:00:15 . Memory (MB): peak = 1157.781 ; gain = 415.938
---------------------------------------------------------------------------------
---------------------------------------------------------------------------------
Start Handling Custom Attributes
---------------------------------------------------------------------------------
---------------------------------------------------------------------------------
Finished Handling Custom Attributes : Time (s): cpu = 00:00:05 ; elapsed = 00:00:15 . Memory (MB): peak = 1157.781 ; gain = 415.938
---------------------------------------------------------------------------------
---------------------------------------------------------------------------------
Start Renaming Generated Nets
---------------------------------------------------------------------------------
---------------------------------------------------------------------------------
Finished Renaming Generated Nets : Time (s): cpu = 00:00:05 ; elapsed = 00:00:15 . Memory (MB): peak = 1157.781 ; gain = 415.938
---------------------------------------------------------------------------------
---------------------------------------------------------------------------------
Start Writing Synthesis Report
---------------------------------------------------------------------------------

Report BlackBoxes: 
+------+--------------+----------+
|      |BlackBox name |Instances |
+------+--------------+----------+
|1     |mult_gen_0    |         1|
+------+--------------+----------+

Report Cell Usage: 
+------+-----------+------+
|      |Cell       |Count |
+------+-----------+------+
|1     |mult_gen_0 |     1|
|2     |BUFG       |     1|
|3     |CARRY4     |     5|
|4     |LUT1       |     1|
|5     |LUT2       |     1|
|6     |LUT3       |    13|
|7     |LUT5       |    11|
|8     |LUT6       |    11|
|9     |FDRE       |    20|
|10    |IBUF       |    17|
|11    |OBUF       |    32|
+------+-----------+------+

Report Instance Areas: 
+------+-----------+-------+------+
|      |Instance   |Module |Cells |
+------+-----------+-------+------+
|1     |top        |       |   120|
|2     |  seg_disp |x7seg  |    52|
+------+-----------+-------+------+
---------------------------------------------------------------------------------
Finished Writing Synthesis Report : Time (s): cpu = 00:00:05 ; elapsed = 00:00:15 . Memory (MB): peak = 1157.781 ; gain = 415.938
---------------------------------------------------------------------------------
Synthesis finished with 0 errors, 0 critical warnings and 3 warnings.
Synthesis Optimization Runtime : Time (s): cpu = 00:00:05 ; elapsed = 00:00:13 . Memory (MB): peak = 1157.781 ; gain = 309.301
Synthesis Optimization Complete : Time (s): cpu = 00:00:06 ; elapsed = 00:00:15 . Memory (MB): peak = 1157.781 ; gain = 415.938
INFO: [Project 1-571] Translating synthesized netlist
Netlist sorting complete. Time (s): cpu = 00:00:00 ; elapsed = 00:00:00.001 . Memory (MB): peak = 1157.781 ; gain = 0.000
INFO: [Netlist 29-17] Analyzing 5 Unisim elements for replacement
INFO: [Netlist 29-28] Unisim Transformation completed in 0 CPU seconds
INFO: [Project 1-570] Preparing netlist for logic optimization
INFO: [Opt 31-138] Pushed 0 inverter(s) to 0 load pin(s).
Netlist sorting complete. Time (s): cpu = 00:00:00 ; elapsed = 00:00:00 . Memory (MB): peak = 1158.848 ; gain = 0.000
INFO: [Project 1-111] Unisim Transformation Summary:
No Unisim elements were transformed.

INFO: [Common 17-83] Releasing license: Synthesis
23 Infos, 6 Warnings, 0 Critical Warnings and 0 Errors encountered.
synth_design completed successfully
synth_design: Time (s): cpu = 00:00:07 ; elapsed = 00:00:19 . Memory (MB): peak = 1158.848 ; gain = 703.117
Netlist sorting complete. Time (s): cpu = 00:00:00 ; elapsed = 00:00:00 . Memory (MB): peak = 1158.848 ; gain = 0.000
WARNING: [Constraints 18-5210] No constraints selected for write.
Resolution: This message can indicate that there are no constraints for the design, or it can indicate that the used_in flags are set such that the constraints are ignored. This later case is used when running synth_design to not write synthesis constraints to the resulting checkpoint. Instead, project constraints are read when the synthesized design is opened.
INFO: [Common 17-1381] The checkpoint 'E:/vivado/Mul_Table/Mul_Table.runs/synth_1/Mult_Top.dcp' has been generated.
INFO: [runtcl-4] Executing : report_utilization -file Mult_Top_utilization_synth.rpt -pb Mult_Top_utilization_synth.pb
INFO: [Common 17-206] Exiting Vivado at Sun Oct 27 15:45:39 2024...
