Copyright 1986-2019 Xilinx, Inc. All Rights Reserved.
-----------------------------------------------------------------------------------------------------------------------------------------------------------------------------------------------
| Tool Version : Vivado v.2019.2 (win64) Build 2708876 Wed Nov  6 21:40:23 MST 2019
| Date         : Sun Nov  3 17:52:05 2024
| Host         : Gilo running 64-bit major release  (build 9200)
| Command      : report_timing_summary -max_paths 10 -file Lock_Top_timing_summary_routed.rpt -pb Lock_Top_timing_summary_routed.pb -rpx Lock_Top_timing_summary_routed.rpx -warn_on_violation
| Design       : Lock_Top
| Device       : 7a100t-csg324
| Speed File   : -1  PRODUCTION 1.23 2018-06-13
-----------------------------------------------------------------------------------------------------------------------------------------------------------------------------------------------

Timing Summary Report

------------------------------------------------------------------------------------------------
| Timer Settings
| --------------
------------------------------------------------------------------------------------------------

  Enable Multi Corner Analysis               :  Yes
  Enable Pessimism Removal                   :  Yes
  Pessimism Removal Resolution               :  Nearest Common Node
  Enable Input Delay Default Clock           :  No
  Enable Preset / Clear Arcs                 :  No
  Disable Flight Delays                      :  No
  Ignore I/O Paths                           :  No
  Timing Early Launch at Borrowing Latches   :  No
  Borrow Time for Max Delay Exceptions       :  Yes
  Merge Timing Exceptions                    :  Yes

  Corner  Analyze    Analyze    
  Name    Max Paths  Min Paths  
  ------  ---------  ---------  
  Slow    Yes        Yes        
  Fast    Yes        Yes        



check_timing report

Table of Contents
-----------------
1. checking no_clock
2. checking constant_clock
3. checking pulse_width_clock
4. checking unconstrained_internal_endpoints
5. checking no_input_delay
6. checking no_output_delay
7. checking multiple_clock
8. checking generated_clocks
9. checking loops
10. checking partial_input_delay
11. checking partial_output_delay
12. checking latch_loops

1. checking no_clock
--------------------
 There are 3 register/latch pins with no clock driven by root clock pin: U1/q_reg[18]/Q (HIGH)

 There are 11 register/latch pins with no clock driven by root clock pin: U2/delay1_reg/Q (HIGH)

 There are 11 register/latch pins with no clock driven by root clock pin: U2/delay2_reg/Q (HIGH)

 There are 11 register/latch pins with no clock driven by root clock pin: U2/delay3_reg/Q (HIGH)


2. checking constant_clock
--------------------------
 There are 0 register/latch pins with constant_clock.


3. checking pulse_width_clock
-----------------------------
 There are 0 register/latch pins which need pulse_width check


4. checking unconstrained_internal_endpoints
--------------------------------------------
 There are 29 pins that are not constrained for maximum delay. (HIGH)

 There are 0 pins that are not constrained for maximum delay due to constant clock.


5. checking no_input_delay
--------------------------
 There are 13 input ports with no input delay specified. (HIGH)

 There are 0 input ports with no input delay but user has a false path constraint.


6. checking no_output_delay
---------------------------
 There are 2 ports with no output delay specified. (HIGH)

 There are 0 ports with no output delay but user has a false path constraint

 There are 0 ports with no output delay but with a timing clock defined on it or propagating through it


7. checking multiple_clock
--------------------------
 There are 0 register/latch pins with multiple clocks.


8. checking generated_clocks
----------------------------
 There are 0 generated clocks that are not connected to a clock source.


9. checking loops
-----------------
 There are 0 combinational loops in the design.


10. checking partial_input_delay
--------------------------------
 There are 0 input ports with partial input delay specified.


11. checking partial_output_delay
---------------------------------
 There are 0 ports with partial output delay specified.


12. checking latch_loops
------------------------
 There are 0 combinational latch loops in the design through latch input



------------------------------------------------------------------------------------------------
| Design Timing Summary
| ---------------------
------------------------------------------------------------------------------------------------

    WNS(ns)      TNS(ns)  TNS Failing Endpoints  TNS Total Endpoints      WHS(ns)      THS(ns)  THS Failing Endpoints  THS Total Endpoints     WPWS(ns)     TPWS(ns)  TPWS Failing Endpoints  TPWS Total Endpoints  
    -------      -------  ---------------------  -------------------      -------      -------  ---------------------  -------------------     --------     --------  ----------------------  --------------------  
      7.721        0.000                      0                   19        0.252        0.000                      0                   19        4.500        0.000                       0                    20  


All user specified timing constraints are met.


------------------------------------------------------------------------------------------------
| Clock Summary
| -------------
------------------------------------------------------------------------------------------------

Clock        Waveform(ns)       Period(ns)      Frequency(MHz)
-----        ------------       ----------      --------------
sys_clk_pin  {0.000 5.000}      10.000          100.000         


------------------------------------------------------------------------------------------------
| Intra Clock Table
| -----------------
------------------------------------------------------------------------------------------------

Clock             WNS(ns)      TNS(ns)  TNS Failing Endpoints  TNS Total Endpoints      WHS(ns)      THS(ns)  THS Failing Endpoints  THS Total Endpoints     WPWS(ns)     TPWS(ns)  TPWS Failing Endpoints  TPWS Total Endpoints  
-----             -------      -------  ---------------------  -------------------      -------      -------  ---------------------  -------------------     --------     --------  ----------------------  --------------------  
sys_clk_pin         7.721        0.000                      0                   19        0.252        0.000                      0                   19        4.500        0.000                       0                    20  


------------------------------------------------------------------------------------------------
| Inter Clock Table
| -----------------
------------------------------------------------------------------------------------------------

From Clock    To Clock          WNS(ns)      TNS(ns)  TNS Failing Endpoints  TNS Total Endpoints      WHS(ns)      THS(ns)  THS Failing Endpoints  THS Total Endpoints  
----------    --------          -------      -------  ---------------------  -------------------      -------      -------  ---------------------  -------------------  


------------------------------------------------------------------------------------------------
| Other Path Groups Table
| -----------------------
------------------------------------------------------------------------------------------------

Path Group    From Clock    To Clock          WNS(ns)      TNS(ns)  TNS Failing Endpoints  TNS Total Endpoints      WHS(ns)      THS(ns)  THS Failing Endpoints  THS Total Endpoints  
----------    ----------    --------          -------      -------  ---------------------  -------------------      -------      -------  ---------------------  -------------------  


------------------------------------------------------------------------------------------------
| Timing Details
| --------------
------------------------------------------------------------------------------------------------


---------------------------------------------------------------------------------------------------
From Clock:  sys_clk_pin
  To Clock:  sys_clk_pin

Setup :            0  Failing Endpoints,  Worst Slack        7.721ns,  Total Violation        0.000ns
Hold  :            0  Failing Endpoints,  Worst Slack        0.252ns,  Total Violation        0.000ns
PW    :            0  Failing Endpoints,  Worst Slack        4.500ns,  Total Violation        0.000ns
---------------------------------------------------------------------------------------------------


Max Delay Paths
--------------------------------------------------------------------------------------
Slack (MET) :             7.721ns  (required time - arrival time)
  Source:                 U1/q_reg[1]/C
                            (rising edge-triggered cell FDCE clocked by sys_clk_pin  {rise@0.000ns fall@5.000ns period=10.000ns})
  Destination:            U1/q_reg[17]/D
                            (rising edge-triggered cell FDCE clocked by sys_clk_pin  {rise@0.000ns fall@5.000ns period=10.000ns})
  Path Group:             sys_clk_pin
  Path Type:              Setup (Max at Slow Process Corner)
  Requirement:            10.000ns  (sys_clk_pin rise@10.000ns - sys_clk_pin rise@0.000ns)
  Data Path Delay:        2.286ns  (logic 1.806ns (78.986%)  route 0.480ns (21.014%))
  Logic Levels:           5  (CARRY4=5)
  Clock Path Skew:        -0.019ns (DCD - SCD + CPR)
    Destination Clock Delay (DCD):    5.022ns = ( 15.022 - 10.000 ) 
    Source Clock Delay      (SCD):    5.316ns
    Clock Pessimism Removal (CPR):    0.275ns
  Clock Uncertainty:      0.035ns  ((TSJ^2 + TIJ^2)^1/2 + DJ) / 2 + PE
    Total System Jitter     (TSJ):    0.071ns
    Total Input Jitter      (TIJ):    0.000ns
    Discrete Jitter          (DJ):    0.000ns
    Phase Error              (PE):    0.000ns

    Location             Delay type                Incr(ns)  Path(ns)    Netlist Resource(s)
  -------------------------------------------------------------------    -------------------
                         (clock sys_clk_pin rise edge)
                                                      0.000     0.000 r  
    E3                                                0.000     0.000 r  CLK100MHZ (IN)
                         net (fo=0)                   0.000     0.000    CLK100MHZ
    E3                   IBUF (Prop_ibuf_I_O)         1.482     1.482 r  CLK100MHZ_IBUF_inst/O
                         net (fo=1, routed)           2.025     3.506    CLK100MHZ_IBUF
    BUFGCTRL_X0Y16       BUFG (Prop_bufg_I_O)         0.096     3.602 r  CLK100MHZ_IBUF_BUFG_inst/O
                         net (fo=19, routed)          1.713     5.316    U1/clk
    SLICE_X1Y80          FDCE                                         r  U1/q_reg[1]/C
  -------------------------------------------------------------------    -------------------
    SLICE_X1Y80          FDCE (Prop_fdce_C_Q)         0.456     5.772 r  U1/q_reg[1]/Q
                         net (fo=1, routed)           0.480     6.252    U1/q_reg_n_0_[1]
    SLICE_X1Y80          CARRY4 (Prop_carry4_S[1]_CO[3])
                                                      0.674     6.926 r  U1/q_reg[0]_i_1/CO[3]
                         net (fo=1, routed)           0.000     6.926    U1/q_reg[0]_i_1_n_0
    SLICE_X1Y81          CARRY4 (Prop_carry4_CI_CO[3])
                                                      0.114     7.040 r  U1/q_reg[4]_i_1/CO[3]
                         net (fo=1, routed)           0.000     7.040    U1/q_reg[4]_i_1_n_0
    SLICE_X1Y82          CARRY4 (Prop_carry4_CI_CO[3])
                                                      0.114     7.154 r  U1/q_reg[8]_i_1/CO[3]
                         net (fo=1, routed)           0.000     7.154    U1/q_reg[8]_i_1_n_0
    SLICE_X1Y83          CARRY4 (Prop_carry4_CI_CO[3])
                                                      0.114     7.268 r  U1/q_reg[12]_i_1/CO[3]
                         net (fo=1, routed)           0.000     7.268    U1/q_reg[12]_i_1_n_0
    SLICE_X1Y84          CARRY4 (Prop_carry4_CI_O[1])
                                                      0.334     7.602 r  U1/q_reg[16]_i_1/O[1]
                         net (fo=1, routed)           0.000     7.602    U1/q_reg[16]_i_1_n_6
    SLICE_X1Y84          FDCE                                         r  U1/q_reg[17]/D
  -------------------------------------------------------------------    -------------------

                         (clock sys_clk_pin rise edge)
                                                     10.000    10.000 r  
    E3                                                0.000    10.000 r  CLK100MHZ (IN)
                         net (fo=0)                   0.000    10.000    CLK100MHZ
    E3                   IBUF (Prop_ibuf_I_O)         1.411    11.411 r  CLK100MHZ_IBUF_inst/O
                         net (fo=1, routed)           1.920    13.331    CLK100MHZ_IBUF
    BUFGCTRL_X0Y16       BUFG (Prop_bufg_I_O)         0.091    13.422 r  CLK100MHZ_IBUF_BUFG_inst/O
                         net (fo=19, routed)          1.599    15.022    U1/clk
    SLICE_X1Y84          FDCE                                         r  U1/q_reg[17]/C
                         clock pessimism              0.275    15.297    
                         clock uncertainty           -0.035    15.261    
    SLICE_X1Y84          FDCE (Setup_fdce_C_D)        0.062    15.323    U1/q_reg[17]
  -------------------------------------------------------------------
                         required time                         15.323    
                         arrival time                          -7.602    
  -------------------------------------------------------------------
                         slack                                  7.721    

Slack (MET) :             7.816ns  (required time - arrival time)
  Source:                 U1/q_reg[1]/C
                            (rising edge-triggered cell FDCE clocked by sys_clk_pin  {rise@0.000ns fall@5.000ns period=10.000ns})
  Destination:            U1/q_reg[18]/D
                            (rising edge-triggered cell FDCE clocked by sys_clk_pin  {rise@0.000ns fall@5.000ns period=10.000ns})
  Path Group:             sys_clk_pin
  Path Type:              Setup (Max at Slow Process Corner)
  Requirement:            10.000ns  (sys_clk_pin rise@10.000ns - sys_clk_pin rise@0.000ns)
  Data Path Delay:        2.191ns  (logic 1.711ns (78.075%)  route 0.480ns (21.925%))
  Logic Levels:           5  (CARRY4=5)
  Clock Path Skew:        -0.019ns (DCD - SCD + CPR)
    Destination Clock Delay (DCD):    5.022ns = ( 15.022 - 10.000 ) 
    Source Clock Delay      (SCD):    5.316ns
    Clock Pessimism Removal (CPR):    0.275ns
  Clock Uncertainty:      0.035ns  ((TSJ^2 + TIJ^2)^1/2 + DJ) / 2 + PE
    Total System Jitter     (TSJ):    0.071ns
    Total Input Jitter      (TIJ):    0.000ns
    Discrete Jitter          (DJ):    0.000ns
    Phase Error              (PE):    0.000ns

    Location             Delay type                Incr(ns)  Path(ns)    Netlist Resource(s)
  -------------------------------------------------------------------    -------------------
                         (clock sys_clk_pin rise edge)
                                                      0.000     0.000 r  
    E3                                                0.000     0.000 r  CLK100MHZ (IN)
                         net (fo=0)                   0.000     0.000    CLK100MHZ
    E3                   IBUF (Prop_ibuf_I_O)         1.482     1.482 r  CLK100MHZ_IBUF_inst/O
                         net (fo=1, routed)           2.025     3.506    CLK100MHZ_IBUF
    BUFGCTRL_X0Y16       BUFG (Prop_bufg_I_O)         0.096     3.602 r  CLK100MHZ_IBUF_BUFG_inst/O
                         net (fo=19, routed)          1.713     5.316    U1/clk
    SLICE_X1Y80          FDCE                                         r  U1/q_reg[1]/C
  -------------------------------------------------------------------    -------------------
    SLICE_X1Y80          FDCE (Prop_fdce_C_Q)         0.456     5.772 r  U1/q_reg[1]/Q
                         net (fo=1, routed)           0.480     6.252    U1/q_reg_n_0_[1]
    SLICE_X1Y80          CARRY4 (Prop_carry4_S[1]_CO[3])
                                                      0.674     6.926 r  U1/q_reg[0]_i_1/CO[3]
                         net (fo=1, routed)           0.000     6.926    U1/q_reg[0]_i_1_n_0
    SLICE_X1Y81          CARRY4 (Prop_carry4_CI_CO[3])
                                                      0.114     7.040 r  U1/q_reg[4]_i_1/CO[3]
                         net (fo=1, routed)           0.000     7.040    U1/q_reg[4]_i_1_n_0
    SLICE_X1Y82          CARRY4 (Prop_carry4_CI_CO[3])
                                                      0.114     7.154 r  U1/q_reg[8]_i_1/CO[3]
                         net (fo=1, routed)           0.000     7.154    U1/q_reg[8]_i_1_n_0
    SLICE_X1Y83          CARRY4 (Prop_carry4_CI_CO[3])
                                                      0.114     7.268 r  U1/q_reg[12]_i_1/CO[3]
                         net (fo=1, routed)           0.000     7.268    U1/q_reg[12]_i_1_n_0
    SLICE_X1Y84          CARRY4 (Prop_carry4_CI_O[2])
                                                      0.239     7.507 r  U1/q_reg[16]_i_1/O[2]
                         net (fo=1, routed)           0.000     7.507    U1/q_reg[16]_i_1_n_5
    SLICE_X1Y84          FDCE                                         r  U1/q_reg[18]/D
  -------------------------------------------------------------------    -------------------

                         (clock sys_clk_pin rise edge)
                                                     10.000    10.000 r  
    E3                                                0.000    10.000 r  CLK100MHZ (IN)
                         net (fo=0)                   0.000    10.000    CLK100MHZ
    E3                   IBUF (Prop_ibuf_I_O)         1.411    11.411 r  CLK100MHZ_IBUF_inst/O
                         net (fo=1, routed)           1.920    13.331    CLK100MHZ_IBUF
    BUFGCTRL_X0Y16       BUFG (Prop_bufg_I_O)         0.091    13.422 r  CLK100MHZ_IBUF_BUFG_inst/O
                         net (fo=19, routed)          1.599    15.022    U1/clk
    SLICE_X1Y84          FDCE                                         r  U1/q_reg[18]/C
                         clock pessimism              0.275    15.297    
                         clock uncertainty           -0.035    15.261    
    SLICE_X1Y84          FDCE (Setup_fdce_C_D)        0.062    15.323    U1/q_reg[18]
  -------------------------------------------------------------------
                         required time                         15.323    
                         arrival time                          -7.507    
  -------------------------------------------------------------------
                         slack                                  7.816    

Slack (MET) :             7.832ns  (required time - arrival time)
  Source:                 U1/q_reg[1]/C
                            (rising edge-triggered cell FDCE clocked by sys_clk_pin  {rise@0.000ns fall@5.000ns period=10.000ns})
  Destination:            U1/q_reg[16]/D
                            (rising edge-triggered cell FDCE clocked by sys_clk_pin  {rise@0.000ns fall@5.000ns period=10.000ns})
  Path Group:             sys_clk_pin
  Path Type:              Setup (Max at Slow Process Corner)
  Requirement:            10.000ns  (sys_clk_pin rise@10.000ns - sys_clk_pin rise@0.000ns)
  Data Path Delay:        2.175ns  (logic 1.695ns (77.914%)  route 0.480ns (22.086%))
  Logic Levels:           5  (CARRY4=5)
  Clock Path Skew:        -0.019ns (DCD - SCD + CPR)
    Destination Clock Delay (DCD):    5.022ns = ( 15.022 - 10.000 ) 
    Source Clock Delay      (SCD):    5.316ns
    Clock Pessimism Removal (CPR):    0.275ns
  Clock Uncertainty:      0.035ns  ((TSJ^2 + TIJ^2)^1/2 + DJ) / 2 + PE
    Total System Jitter     (TSJ):    0.071ns
    Total Input Jitter      (TIJ):    0.000ns
    Discrete Jitter          (DJ):    0.000ns
    Phase Error              (PE):    0.000ns

    Location             Delay type                Incr(ns)  Path(ns)    Netlist Resource(s)
  -------------------------------------------------------------------    -------------------
                         (clock sys_clk_pin rise edge)
                                                      0.000     0.000 r  
    E3                                                0.000     0.000 r  CLK100MHZ (IN)
                         net (fo=0)                   0.000     0.000    CLK100MHZ
    E3                   IBUF (Prop_ibuf_I_O)         1.482     1.482 r  CLK100MHZ_IBUF_inst/O
                         net (fo=1, routed)           2.025     3.506    CLK100MHZ_IBUF
    BUFGCTRL_X0Y16       BUFG (Prop_bufg_I_O)         0.096     3.602 r  CLK100MHZ_IBUF_BUFG_inst/O
                         net (fo=19, routed)          1.713     5.316    U1/clk
    SLICE_X1Y80          FDCE                                         r  U1/q_reg[1]/C
  -------------------------------------------------------------------    -------------------
    SLICE_X1Y80          FDCE (Prop_fdce_C_Q)         0.456     5.772 r  U1/q_reg[1]/Q
                         net (fo=1, routed)           0.480     6.252    U1/q_reg_n_0_[1]
    SLICE_X1Y80          CARRY4 (Prop_carry4_S[1]_CO[3])
                                                      0.674     6.926 r  U1/q_reg[0]_i_1/CO[3]
                         net (fo=1, routed)           0.000     6.926    U1/q_reg[0]_i_1_n_0
    SLICE_X1Y81          CARRY4 (Prop_carry4_CI_CO[3])
                                                      0.114     7.040 r  U1/q_reg[4]_i_1/CO[3]
                         net (fo=1, routed)           0.000     7.040    U1/q_reg[4]_i_1_n_0
    SLICE_X1Y82          CARRY4 (Prop_carry4_CI_CO[3])
                                                      0.114     7.154 r  U1/q_reg[8]_i_1/CO[3]
                         net (fo=1, routed)           0.000     7.154    U1/q_reg[8]_i_1_n_0
    SLICE_X1Y83          CARRY4 (Prop_carry4_CI_CO[3])
                                                      0.114     7.268 r  U1/q_reg[12]_i_1/CO[3]
                         net (fo=1, routed)           0.000     7.268    U1/q_reg[12]_i_1_n_0
    SLICE_X1Y84          CARRY4 (Prop_carry4_CI_O[0])
                                                      0.223     7.491 r  U1/q_reg[16]_i_1/O[0]
                         net (fo=1, routed)           0.000     7.491    U1/q_reg[16]_i_1_n_7
    SLICE_X1Y84          FDCE                                         r  U1/q_reg[16]/D
  -------------------------------------------------------------------    -------------------

                         (clock sys_clk_pin rise edge)
                                                     10.000    10.000 r  
    E3                                                0.000    10.000 r  CLK100MHZ (IN)
                         net (fo=0)                   0.000    10.000    CLK100MHZ
    E3                   IBUF (Prop_ibuf_I_O)         1.411    11.411 r  CLK100MHZ_IBUF_inst/O
                         net (fo=1, routed)           1.920    13.331    CLK100MHZ_IBUF
    BUFGCTRL_X0Y16       BUFG (Prop_bufg_I_O)         0.091    13.422 r  CLK100MHZ_IBUF_BUFG_inst/O
                         net (fo=19, routed)          1.599    15.022    U1/clk
    SLICE_X1Y84          FDCE                                         r  U1/q_reg[16]/C
                         clock pessimism              0.275    15.297    
                         clock uncertainty           -0.035    15.261    
    SLICE_X1Y84          FDCE (Setup_fdce_C_D)        0.062    15.323    U1/q_reg[16]
  -------------------------------------------------------------------
                         required time                         15.323    
                         arrival time                          -7.491    
  -------------------------------------------------------------------
                         slack                                  7.832    

Slack (MET) :             7.834ns  (required time - arrival time)
  Source:                 U1/q_reg[1]/C
                            (rising edge-triggered cell FDCE clocked by sys_clk_pin  {rise@0.000ns fall@5.000ns period=10.000ns})
  Destination:            U1/q_reg[13]/D
                            (rising edge-triggered cell FDCE clocked by sys_clk_pin  {rise@0.000ns fall@5.000ns period=10.000ns})
  Path Group:             sys_clk_pin
  Path Type:              Setup (Max at Slow Process Corner)
  Requirement:            10.000ns  (sys_clk_pin rise@10.000ns - sys_clk_pin rise@0.000ns)
  Data Path Delay:        2.172ns  (logic 1.692ns (77.883%)  route 0.480ns (22.117%))
  Logic Levels:           4  (CARRY4=4)
  Clock Path Skew:        -0.020ns (DCD - SCD + CPR)
    Destination Clock Delay (DCD):    5.021ns = ( 15.021 - 10.000 ) 
    Source Clock Delay      (SCD):    5.316ns
    Clock Pessimism Removal (CPR):    0.275ns
  Clock Uncertainty:      0.035ns  ((TSJ^2 + TIJ^2)^1/2 + DJ) / 2 + PE
    Total System Jitter     (TSJ):    0.071ns
    Total Input Jitter      (TIJ):    0.000ns
    Discrete Jitter          (DJ):    0.000ns
    Phase Error              (PE):    0.000ns

    Location             Delay type                Incr(ns)  Path(ns)    Netlist Resource(s)
  -------------------------------------------------------------------    -------------------
                         (clock sys_clk_pin rise edge)
                                                      0.000     0.000 r  
    E3                                                0.000     0.000 r  CLK100MHZ (IN)
                         net (fo=0)                   0.000     0.000    CLK100MHZ
    E3                   IBUF (Prop_ibuf_I_O)         1.482     1.482 r  CLK100MHZ_IBUF_inst/O
                         net (fo=1, routed)           2.025     3.506    CLK100MHZ_IBUF
    BUFGCTRL_X0Y16       BUFG (Prop_bufg_I_O)         0.096     3.602 r  CLK100MHZ_IBUF_BUFG_inst/O
                         net (fo=19, routed)          1.713     5.316    U1/clk
    SLICE_X1Y80          FDCE                                         r  U1/q_reg[1]/C
  -------------------------------------------------------------------    -------------------
    SLICE_X1Y80          FDCE (Prop_fdce_C_Q)         0.456     5.772 r  U1/q_reg[1]/Q
                         net (fo=1, routed)           0.480     6.252    U1/q_reg_n_0_[1]
    SLICE_X1Y80          CARRY4 (Prop_carry4_S[1]_CO[3])
                                                      0.674     6.926 r  U1/q_reg[0]_i_1/CO[3]
                         net (fo=1, routed)           0.000     6.926    U1/q_reg[0]_i_1_n_0
    SLICE_X1Y81          CARRY4 (Prop_carry4_CI_CO[3])
                                                      0.114     7.040 r  U1/q_reg[4]_i_1/CO[3]
                         net (fo=1, routed)           0.000     7.040    U1/q_reg[4]_i_1_n_0
    SLICE_X1Y82          CARRY4 (Prop_carry4_CI_CO[3])
                                                      0.114     7.154 r  U1/q_reg[8]_i_1/CO[3]
                         net (fo=1, routed)           0.000     7.154    U1/q_reg[8]_i_1_n_0
    SLICE_X1Y83          CARRY4 (Prop_carry4_CI_O[1])
                                                      0.334     7.488 r  U1/q_reg[12]_i_1/O[1]
                         net (fo=1, routed)           0.000     7.488    U1/q_reg[12]_i_1_n_6
    SLICE_X1Y83          FDCE                                         r  U1/q_reg[13]/D
  -------------------------------------------------------------------    -------------------

                         (clock sys_clk_pin rise edge)
                                                     10.000    10.000 r  
    E3                                                0.000    10.000 r  CLK100MHZ (IN)
                         net (fo=0)                   0.000    10.000    CLK100MHZ
    E3                   IBUF (Prop_ibuf_I_O)         1.411    11.411 r  CLK100MHZ_IBUF_inst/O
                         net (fo=1, routed)           1.920    13.331    CLK100MHZ_IBUF
    BUFGCTRL_X0Y16       BUFG (Prop_bufg_I_O)         0.091    13.422 r  CLK100MHZ_IBUF_BUFG_inst/O
                         net (fo=19, routed)          1.598    15.021    U1/clk
    SLICE_X1Y83          FDCE                                         r  U1/q_reg[13]/C
                         clock pessimism              0.275    15.296    
                         clock uncertainty           -0.035    15.260    
    SLICE_X1Y83          FDCE (Setup_fdce_C_D)        0.062    15.322    U1/q_reg[13]
  -------------------------------------------------------------------
                         required time                         15.322    
                         arrival time                          -7.488    
  -------------------------------------------------------------------
                         slack                                  7.834    

Slack (MET) :             7.855ns  (required time - arrival time)
  Source:                 U1/q_reg[1]/C
                            (rising edge-triggered cell FDCE clocked by sys_clk_pin  {rise@0.000ns fall@5.000ns period=10.000ns})
  Destination:            U1/q_reg[15]/D
                            (rising edge-triggered cell FDCE clocked by sys_clk_pin  {rise@0.000ns fall@5.000ns period=10.000ns})
  Path Group:             sys_clk_pin
  Path Type:              Setup (Max at Slow Process Corner)
  Requirement:            10.000ns  (sys_clk_pin rise@10.000ns - sys_clk_pin rise@0.000ns)
  Data Path Delay:        2.151ns  (logic 1.671ns (77.667%)  route 0.480ns (22.333%))
  Logic Levels:           4  (CARRY4=4)
  Clock Path Skew:        -0.020ns (DCD - SCD + CPR)
    Destination Clock Delay (DCD):    5.021ns = ( 15.021 - 10.000 ) 
    Source Clock Delay      (SCD):    5.316ns
    Clock Pessimism Removal (CPR):    0.275ns
  Clock Uncertainty:      0.035ns  ((TSJ^2 + TIJ^2)^1/2 + DJ) / 2 + PE
    Total System Jitter     (TSJ):    0.071ns
    Total Input Jitter      (TIJ):    0.000ns
    Discrete Jitter          (DJ):    0.000ns
    Phase Error              (PE):    0.000ns

    Location             Delay type                Incr(ns)  Path(ns)    Netlist Resource(s)
  -------------------------------------------------------------------    -------------------
                         (clock sys_clk_pin rise edge)
                                                      0.000     0.000 r  
    E3                                                0.000     0.000 r  CLK100MHZ (IN)
                         net (fo=0)                   0.000     0.000    CLK100MHZ
    E3                   IBUF (Prop_ibuf_I_O)         1.482     1.482 r  CLK100MHZ_IBUF_inst/O
                         net (fo=1, routed)           2.025     3.506    CLK100MHZ_IBUF
    BUFGCTRL_X0Y16       BUFG (Prop_bufg_I_O)         0.096     3.602 r  CLK100MHZ_IBUF_BUFG_inst/O
                         net (fo=19, routed)          1.713     5.316    U1/clk
    SLICE_X1Y80          FDCE                                         r  U1/q_reg[1]/C
  -------------------------------------------------------------------    -------------------
    SLICE_X1Y80          FDCE (Prop_fdce_C_Q)         0.456     5.772 r  U1/q_reg[1]/Q
                         net (fo=1, routed)           0.480     6.252    U1/q_reg_n_0_[1]
    SLICE_X1Y80          CARRY4 (Prop_carry4_S[1]_CO[3])
                                                      0.674     6.926 r  U1/q_reg[0]_i_1/CO[3]
                         net (fo=1, routed)           0.000     6.926    U1/q_reg[0]_i_1_n_0
    SLICE_X1Y81          CARRY4 (Prop_carry4_CI_CO[3])
                                                      0.114     7.040 r  U1/q_reg[4]_i_1/CO[3]
                         net (fo=1, routed)           0.000     7.040    U1/q_reg[4]_i_1_n_0
    SLICE_X1Y82          CARRY4 (Prop_carry4_CI_CO[3])
                                                      0.114     7.154 r  U1/q_reg[8]_i_1/CO[3]
                         net (fo=1, routed)           0.000     7.154    U1/q_reg[8]_i_1_n_0
    SLICE_X1Y83          CARRY4 (Prop_carry4_CI_O[3])
                                                      0.313     7.467 r  U1/q_reg[12]_i_1/O[3]
                         net (fo=1, routed)           0.000     7.467    U1/q_reg[12]_i_1_n_4
    SLICE_X1Y83          FDCE                                         r  U1/q_reg[15]/D
  -------------------------------------------------------------------    -------------------

                         (clock sys_clk_pin rise edge)
                                                     10.000    10.000 r  
    E3                                                0.000    10.000 r  CLK100MHZ (IN)
                         net (fo=0)                   0.000    10.000    CLK100MHZ
    E3                   IBUF (Prop_ibuf_I_O)         1.411    11.411 r  CLK100MHZ_IBUF_inst/O
                         net (fo=1, routed)           1.920    13.331    CLK100MHZ_IBUF
    BUFGCTRL_X0Y16       BUFG (Prop_bufg_I_O)         0.091    13.422 r  CLK100MHZ_IBUF_BUFG_inst/O
                         net (fo=19, routed)          1.598    15.021    U1/clk
    SLICE_X1Y83          FDCE                                         r  U1/q_reg[15]/C
                         clock pessimism              0.275    15.296    
                         clock uncertainty           -0.035    15.260    
    SLICE_X1Y83          FDCE (Setup_fdce_C_D)        0.062    15.322    U1/q_reg[15]
  -------------------------------------------------------------------
                         required time                         15.322    
                         arrival time                          -7.467    
  -------------------------------------------------------------------
                         slack                                  7.855    

Slack (MET) :             7.929ns  (required time - arrival time)
  Source:                 U1/q_reg[1]/C
                            (rising edge-triggered cell FDCE clocked by sys_clk_pin  {rise@0.000ns fall@5.000ns period=10.000ns})
  Destination:            U1/q_reg[14]/D
                            (rising edge-triggered cell FDCE clocked by sys_clk_pin  {rise@0.000ns fall@5.000ns period=10.000ns})
  Path Group:             sys_clk_pin
  Path Type:              Setup (Max at Slow Process Corner)
  Requirement:            10.000ns  (sys_clk_pin rise@10.000ns - sys_clk_pin rise@0.000ns)
  Data Path Delay:        2.077ns  (logic 1.597ns (76.872%)  route 0.480ns (23.128%))
  Logic Levels:           4  (CARRY4=4)
  Clock Path Skew:        -0.020ns (DCD - SCD + CPR)
    Destination Clock Delay (DCD):    5.021ns = ( 15.021 - 10.000 ) 
    Source Clock Delay      (SCD):    5.316ns
    Clock Pessimism Removal (CPR):    0.275ns
  Clock Uncertainty:      0.035ns  ((TSJ^2 + TIJ^2)^1/2 + DJ) / 2 + PE
    Total System Jitter     (TSJ):    0.071ns
    Total Input Jitter      (TIJ):    0.000ns
    Discrete Jitter          (DJ):    0.000ns
    Phase Error              (PE):    0.000ns

    Location             Delay type                Incr(ns)  Path(ns)    Netlist Resource(s)
  -------------------------------------------------------------------    -------------------
                         (clock sys_clk_pin rise edge)
                                                      0.000     0.000 r  
    E3                                                0.000     0.000 r  CLK100MHZ (IN)
                         net (fo=0)                   0.000     0.000    CLK100MHZ
    E3                   IBUF (Prop_ibuf_I_O)         1.482     1.482 r  CLK100MHZ_IBUF_inst/O
                         net (fo=1, routed)           2.025     3.506    CLK100MHZ_IBUF
    BUFGCTRL_X0Y16       BUFG (Prop_bufg_I_O)         0.096     3.602 r  CLK100MHZ_IBUF_BUFG_inst/O
                         net (fo=19, routed)          1.713     5.316    U1/clk
    SLICE_X1Y80          FDCE                                         r  U1/q_reg[1]/C
  -------------------------------------------------------------------    -------------------
    SLICE_X1Y80          FDCE (Prop_fdce_C_Q)         0.456     5.772 r  U1/q_reg[1]/Q
                         net (fo=1, routed)           0.480     6.252    U1/q_reg_n_0_[1]
    SLICE_X1Y80          CARRY4 (Prop_carry4_S[1]_CO[3])
                                                      0.674     6.926 r  U1/q_reg[0]_i_1/CO[3]
                         net (fo=1, routed)           0.000     6.926    U1/q_reg[0]_i_1_n_0
    SLICE_X1Y81          CARRY4 (Prop_carry4_CI_CO[3])
                                                      0.114     7.040 r  U1/q_reg[4]_i_1/CO[3]
                         net (fo=1, routed)           0.000     7.040    U1/q_reg[4]_i_1_n_0
    SLICE_X1Y82          CARRY4 (Prop_carry4_CI_CO[3])
                                                      0.114     7.154 r  U1/q_reg[8]_i_1/CO[3]
                         net (fo=1, routed)           0.000     7.154    U1/q_reg[8]_i_1_n_0
    SLICE_X1Y83          CARRY4 (Prop_carry4_CI_O[2])
                                                      0.239     7.393 r  U1/q_reg[12]_i_1/O[2]
                         net (fo=1, routed)           0.000     7.393    U1/q_reg[12]_i_1_n_5
    SLICE_X1Y83          FDCE                                         r  U1/q_reg[14]/D
  -------------------------------------------------------------------    -------------------

                         (clock sys_clk_pin rise edge)
                                                     10.000    10.000 r  
    E3                                                0.000    10.000 r  CLK100MHZ (IN)
                         net (fo=0)                   0.000    10.000    CLK100MHZ
    E3                   IBUF (Prop_ibuf_I_O)         1.411    11.411 r  CLK100MHZ_IBUF_inst/O
                         net (fo=1, routed)           1.920    13.331    CLK100MHZ_IBUF
    BUFGCTRL_X0Y16       BUFG (Prop_bufg_I_O)         0.091    13.422 r  CLK100MHZ_IBUF_BUFG_inst/O
                         net (fo=19, routed)          1.598    15.021    U1/clk
    SLICE_X1Y83          FDCE                                         r  U1/q_reg[14]/C
                         clock pessimism              0.275    15.296    
                         clock uncertainty           -0.035    15.260    
    SLICE_X1Y83          FDCE (Setup_fdce_C_D)        0.062    15.322    U1/q_reg[14]
  -------------------------------------------------------------------
                         required time                         15.322    
                         arrival time                          -7.393    
  -------------------------------------------------------------------
                         slack                                  7.929    

Slack (MET) :             7.945ns  (required time - arrival time)
  Source:                 U1/q_reg[1]/C
                            (rising edge-triggered cell FDCE clocked by sys_clk_pin  {rise@0.000ns fall@5.000ns period=10.000ns})
  Destination:            U1/q_reg[12]/D
                            (rising edge-triggered cell FDCE clocked by sys_clk_pin  {rise@0.000ns fall@5.000ns period=10.000ns})
  Path Group:             sys_clk_pin
  Path Type:              Setup (Max at Slow Process Corner)
  Requirement:            10.000ns  (sys_clk_pin rise@10.000ns - sys_clk_pin rise@0.000ns)
  Data Path Delay:        2.061ns  (logic 1.581ns (76.692%)  route 0.480ns (23.308%))
  Logic Levels:           4  (CARRY4=4)
  Clock Path Skew:        -0.020ns (DCD - SCD + CPR)
    Destination Clock Delay (DCD):    5.021ns = ( 15.021 - 10.000 ) 
    Source Clock Delay      (SCD):    5.316ns
    Clock Pessimism Removal (CPR):    0.275ns
  Clock Uncertainty:      0.035ns  ((TSJ^2 + TIJ^2)^1/2 + DJ) / 2 + PE
    Total System Jitter     (TSJ):    0.071ns
    Total Input Jitter      (TIJ):    0.000ns
    Discrete Jitter          (DJ):    0.000ns
    Phase Error              (PE):    0.000ns

    Location             Delay type                Incr(ns)  Path(ns)    Netlist Resource(s)
  -------------------------------------------------------------------    -------------------
                         (clock sys_clk_pin rise edge)
                                                      0.000     0.000 r  
    E3                                                0.000     0.000 r  CLK100MHZ (IN)
                         net (fo=0)                   0.000     0.000    CLK100MHZ
    E3                   IBUF (Prop_ibuf_I_O)         1.482     1.482 r  CLK100MHZ_IBUF_inst/O
                         net (fo=1, routed)           2.025     3.506    CLK100MHZ_IBUF
    BUFGCTRL_X0Y16       BUFG (Prop_bufg_I_O)         0.096     3.602 r  CLK100MHZ_IBUF_BUFG_inst/O
                         net (fo=19, routed)          1.713     5.316    U1/clk
    SLICE_X1Y80          FDCE                                         r  U1/q_reg[1]/C
  -------------------------------------------------------------------    -------------------
    SLICE_X1Y80          FDCE (Prop_fdce_C_Q)         0.456     5.772 r  U1/q_reg[1]/Q
                         net (fo=1, routed)           0.480     6.252    U1/q_reg_n_0_[1]
    SLICE_X1Y80          CARRY4 (Prop_carry4_S[1]_CO[3])
                                                      0.674     6.926 r  U1/q_reg[0]_i_1/CO[3]
                         net (fo=1, routed)           0.000     6.926    U1/q_reg[0]_i_1_n_0
    SLICE_X1Y81          CARRY4 (Prop_carry4_CI_CO[3])
                                                      0.114     7.040 r  U1/q_reg[4]_i_1/CO[3]
                         net (fo=1, routed)           0.000     7.040    U1/q_reg[4]_i_1_n_0
    SLICE_X1Y82          CARRY4 (Prop_carry4_CI_CO[3])
                                                      0.114     7.154 r  U1/q_reg[8]_i_1/CO[3]
                         net (fo=1, routed)           0.000     7.154    U1/q_reg[8]_i_1_n_0
    SLICE_X1Y83          CARRY4 (Prop_carry4_CI_O[0])
                                                      0.223     7.377 r  U1/q_reg[12]_i_1/O[0]
                         net (fo=1, routed)           0.000     7.377    U1/q_reg[12]_i_1_n_7
    SLICE_X1Y83          FDCE                                         r  U1/q_reg[12]/D
  -------------------------------------------------------------------    -------------------

                         (clock sys_clk_pin rise edge)
                                                     10.000    10.000 r  
    E3                                                0.000    10.000 r  CLK100MHZ (IN)
                         net (fo=0)                   0.000    10.000    CLK100MHZ
    E3                   IBUF (Prop_ibuf_I_O)         1.411    11.411 r  CLK100MHZ_IBUF_inst/O
                         net (fo=1, routed)           1.920    13.331    CLK100MHZ_IBUF
    BUFGCTRL_X0Y16       BUFG (Prop_bufg_I_O)         0.091    13.422 r  CLK100MHZ_IBUF_BUFG_inst/O
                         net (fo=19, routed)          1.598    15.021    U1/clk
    SLICE_X1Y83          FDCE                                         r  U1/q_reg[12]/C
                         clock pessimism              0.275    15.296    
                         clock uncertainty           -0.035    15.260    
    SLICE_X1Y83          FDCE (Setup_fdce_C_D)        0.062    15.322    U1/q_reg[12]
  -------------------------------------------------------------------
                         required time                         15.322    
                         arrival time                          -7.377    
  -------------------------------------------------------------------
                         slack                                  7.945    

Slack (MET) :             7.947ns  (required time - arrival time)
  Source:                 U1/q_reg[1]/C
                            (rising edge-triggered cell FDCE clocked by sys_clk_pin  {rise@0.000ns fall@5.000ns period=10.000ns})
  Destination:            U1/q_reg[9]/D
                            (rising edge-triggered cell FDCE clocked by sys_clk_pin  {rise@0.000ns fall@5.000ns period=10.000ns})
  Path Group:             sys_clk_pin
  Path Type:              Setup (Max at Slow Process Corner)
  Requirement:            10.000ns  (sys_clk_pin rise@10.000ns - sys_clk_pin rise@0.000ns)
  Data Path Delay:        2.058ns  (logic 1.578ns (76.658%)  route 0.480ns (23.342%))
  Logic Levels:           3  (CARRY4=3)
  Clock Path Skew:        -0.021ns (DCD - SCD + CPR)
    Destination Clock Delay (DCD):    5.020ns = ( 15.020 - 10.000 ) 
    Source Clock Delay      (SCD):    5.316ns
    Clock Pessimism Removal (CPR):    0.275ns
  Clock Uncertainty:      0.035ns  ((TSJ^2 + TIJ^2)^1/2 + DJ) / 2 + PE
    Total System Jitter     (TSJ):    0.071ns
    Total Input Jitter      (TIJ):    0.000ns
    Discrete Jitter          (DJ):    0.000ns
    Phase Error              (PE):    0.000ns

    Location             Delay type                Incr(ns)  Path(ns)    Netlist Resource(s)
  -------------------------------------------------------------------    -------------------
                         (clock sys_clk_pin rise edge)
                                                      0.000     0.000 r  
    E3                                                0.000     0.000 r  CLK100MHZ (IN)
                         net (fo=0)                   0.000     0.000    CLK100MHZ
    E3                   IBUF (Prop_ibuf_I_O)         1.482     1.482 r  CLK100MHZ_IBUF_inst/O
                         net (fo=1, routed)           2.025     3.506    CLK100MHZ_IBUF
    BUFGCTRL_X0Y16       BUFG (Prop_bufg_I_O)         0.096     3.602 r  CLK100MHZ_IBUF_BUFG_inst/O
                         net (fo=19, routed)          1.713     5.316    U1/clk
    SLICE_X1Y80          FDCE                                         r  U1/q_reg[1]/C
  -------------------------------------------------------------------    -------------------
    SLICE_X1Y80          FDCE (Prop_fdce_C_Q)         0.456     5.772 r  U1/q_reg[1]/Q
                         net (fo=1, routed)           0.480     6.252    U1/q_reg_n_0_[1]
    SLICE_X1Y80          CARRY4 (Prop_carry4_S[1]_CO[3])
                                                      0.674     6.926 r  U1/q_reg[0]_i_1/CO[3]
                         net (fo=1, routed)           0.000     6.926    U1/q_reg[0]_i_1_n_0
    SLICE_X1Y81          CARRY4 (Prop_carry4_CI_CO[3])
                                                      0.114     7.040 r  U1/q_reg[4]_i_1/CO[3]
                         net (fo=1, routed)           0.000     7.040    U1/q_reg[4]_i_1_n_0
    SLICE_X1Y82          CARRY4 (Prop_carry4_CI_O[1])
                                                      0.334     7.374 r  U1/q_reg[8]_i_1/O[1]
                         net (fo=1, routed)           0.000     7.374    U1/q_reg[8]_i_1_n_6
    SLICE_X1Y82          FDCE                                         r  U1/q_reg[9]/D
  -------------------------------------------------------------------    -------------------

                         (clock sys_clk_pin rise edge)
                                                     10.000    10.000 r  
    E3                                                0.000    10.000 r  CLK100MHZ (IN)
                         net (fo=0)                   0.000    10.000    CLK100MHZ
    E3                   IBUF (Prop_ibuf_I_O)         1.411    11.411 r  CLK100MHZ_IBUF_inst/O
                         net (fo=1, routed)           1.920    13.331    CLK100MHZ_IBUF
    BUFGCTRL_X0Y16       BUFG (Prop_bufg_I_O)         0.091    13.422 r  CLK100MHZ_IBUF_BUFG_inst/O
                         net (fo=19, routed)          1.597    15.020    U1/clk
    SLICE_X1Y82          FDCE                                         r  U1/q_reg[9]/C
                         clock pessimism              0.275    15.295    
                         clock uncertainty           -0.035    15.259    
    SLICE_X1Y82          FDCE (Setup_fdce_C_D)        0.062    15.321    U1/q_reg[9]
  -------------------------------------------------------------------
                         required time                         15.321    
                         arrival time                          -7.374    
  -------------------------------------------------------------------
                         slack                                  7.947    

Slack (MET) :             7.968ns  (required time - arrival time)
  Source:                 U1/q_reg[1]/C
                            (rising edge-triggered cell FDCE clocked by sys_clk_pin  {rise@0.000ns fall@5.000ns period=10.000ns})
  Destination:            U1/q_reg[11]/D
                            (rising edge-triggered cell FDCE clocked by sys_clk_pin  {rise@0.000ns fall@5.000ns period=10.000ns})
  Path Group:             sys_clk_pin
  Path Type:              Setup (Max at Slow Process Corner)
  Requirement:            10.000ns  (sys_clk_pin rise@10.000ns - sys_clk_pin rise@0.000ns)
  Data Path Delay:        2.037ns  (logic 1.557ns (76.418%)  route 0.480ns (23.582%))
  Logic Levels:           3  (CARRY4=3)
  Clock Path Skew:        -0.021ns (DCD - SCD + CPR)
    Destination Clock Delay (DCD):    5.020ns = ( 15.020 - 10.000 ) 
    Source Clock Delay      (SCD):    5.316ns
    Clock Pessimism Removal (CPR):    0.275ns
  Clock Uncertainty:      0.035ns  ((TSJ^2 + TIJ^2)^1/2 + DJ) / 2 + PE
    Total System Jitter     (TSJ):    0.071ns
    Total Input Jitter      (TIJ):    0.000ns
    Discrete Jitter          (DJ):    0.000ns
    Phase Error              (PE):    0.000ns

    Location             Delay type                Incr(ns)  Path(ns)    Netlist Resource(s)
  -------------------------------------------------------------------    -------------------
                         (clock sys_clk_pin rise edge)
                                                      0.000     0.000 r  
    E3                                                0.000     0.000 r  CLK100MHZ (IN)
                         net (fo=0)                   0.000     0.000    CLK100MHZ
    E3                   IBUF (Prop_ibuf_I_O)         1.482     1.482 r  CLK100MHZ_IBUF_inst/O
                         net (fo=1, routed)           2.025     3.506    CLK100MHZ_IBUF
    BUFGCTRL_X0Y16       BUFG (Prop_bufg_I_O)         0.096     3.602 r  CLK100MHZ_IBUF_BUFG_inst/O
                         net (fo=19, routed)          1.713     5.316    U1/clk
    SLICE_X1Y80          FDCE                                         r  U1/q_reg[1]/C
  -------------------------------------------------------------------    -------------------
    SLICE_X1Y80          FDCE (Prop_fdce_C_Q)         0.456     5.772 r  U1/q_reg[1]/Q
                         net (fo=1, routed)           0.480     6.252    U1/q_reg_n_0_[1]
    SLICE_X1Y80          CARRY4 (Prop_carry4_S[1]_CO[3])
                                                      0.674     6.926 r  U1/q_reg[0]_i_1/CO[3]
                         net (fo=1, routed)           0.000     6.926    U1/q_reg[0]_i_1_n_0
    SLICE_X1Y81          CARRY4 (Prop_carry4_CI_CO[3])
                                                      0.114     7.040 r  U1/q_reg[4]_i_1/CO[3]
                         net (fo=1, routed)           0.000     7.040    U1/q_reg[4]_i_1_n_0
    SLICE_X1Y82          CARRY4 (Prop_carry4_CI_O[3])
                                                      0.313     7.353 r  U1/q_reg[8]_i_1/O[3]
                         net (fo=1, routed)           0.000     7.353    U1/q_reg[8]_i_1_n_4
    SLICE_X1Y82          FDCE                                         r  U1/q_reg[11]/D
  -------------------------------------------------------------------    -------------------

                         (clock sys_clk_pin rise edge)
                                                     10.000    10.000 r  
    E3                                                0.000    10.000 r  CLK100MHZ (IN)
                         net (fo=0)                   0.000    10.000    CLK100MHZ
    E3                   IBUF (Prop_ibuf_I_O)         1.411    11.411 r  CLK100MHZ_IBUF_inst/O
                         net (fo=1, routed)           1.920    13.331    CLK100MHZ_IBUF
    BUFGCTRL_X0Y16       BUFG (Prop_bufg_I_O)         0.091    13.422 r  CLK100MHZ_IBUF_BUFG_inst/O
                         net (fo=19, routed)          1.597    15.020    U1/clk
    SLICE_X1Y82          FDCE                                         r  U1/q_reg[11]/C
                         clock pessimism              0.275    15.295    
                         clock uncertainty           -0.035    15.259    
    SLICE_X1Y82          FDCE (Setup_fdce_C_D)        0.062    15.321    U1/q_reg[11]
  -------------------------------------------------------------------
                         required time                         15.321    
                         arrival time                          -7.353    
  -------------------------------------------------------------------
                         slack                                  7.968    

Slack (MET) :             8.042ns  (required time - arrival time)
  Source:                 U1/q_reg[1]/C
                            (rising edge-triggered cell FDCE clocked by sys_clk_pin  {rise@0.000ns fall@5.000ns period=10.000ns})
  Destination:            U1/q_reg[10]/D
                            (rising edge-triggered cell FDCE clocked by sys_clk_pin  {rise@0.000ns fall@5.000ns period=10.000ns})
  Path Group:             sys_clk_pin
  Path Type:              Setup (Max at Slow Process Corner)
  Requirement:            10.000ns  (sys_clk_pin rise@10.000ns - sys_clk_pin rise@0.000ns)
  Data Path Delay:        1.963ns  (logic 1.483ns (75.529%)  route 0.480ns (24.471%))
  Logic Levels:           3  (CARRY4=3)
  Clock Path Skew:        -0.021ns (DCD - SCD + CPR)
    Destination Clock Delay (DCD):    5.020ns = ( 15.020 - 10.000 ) 
    Source Clock Delay      (SCD):    5.316ns
    Clock Pessimism Removal (CPR):    0.275ns
  Clock Uncertainty:      0.035ns  ((TSJ^2 + TIJ^2)^1/2 + DJ) / 2 + PE
    Total System Jitter     (TSJ):    0.071ns
    Total Input Jitter      (TIJ):    0.000ns
    Discrete Jitter          (DJ):    0.000ns
    Phase Error              (PE):    0.000ns

    Location             Delay type                Incr(ns)  Path(ns)    Netlist Resource(s)
  -------------------------------------------------------------------    -------------------
                         (clock sys_clk_pin rise edge)
                                                      0.000     0.000 r  
    E3                                                0.000     0.000 r  CLK100MHZ (IN)
                         net (fo=0)                   0.000     0.000    CLK100MHZ
    E3                   IBUF (Prop_ibuf_I_O)         1.482     1.482 r  CLK100MHZ_IBUF_inst/O
                         net (fo=1, routed)           2.025     3.506    CLK100MHZ_IBUF
    BUFGCTRL_X0Y16       BUFG (Prop_bufg_I_O)         0.096     3.602 r  CLK100MHZ_IBUF_BUFG_inst/O
                         net (fo=19, routed)          1.713     5.316    U1/clk
    SLICE_X1Y80          FDCE                                         r  U1/q_reg[1]/C
  -------------------------------------------------------------------    -------------------
    SLICE_X1Y80          FDCE (Prop_fdce_C_Q)         0.456     5.772 r  U1/q_reg[1]/Q
                         net (fo=1, routed)           0.480     6.252    U1/q_reg_n_0_[1]
    SLICE_X1Y80          CARRY4 (Prop_carry4_S[1]_CO[3])
                                                      0.674     6.926 r  U1/q_reg[0]_i_1/CO[3]
                         net (fo=1, routed)           0.000     6.926    U1/q_reg[0]_i_1_n_0
    SLICE_X1Y81          CARRY4 (Prop_carry4_CI_CO[3])
                                                      0.114     7.040 r  U1/q_reg[4]_i_1/CO[3]
                         net (fo=1, routed)           0.000     7.040    U1/q_reg[4]_i_1_n_0
    SLICE_X1Y82          CARRY4 (Prop_carry4_CI_O[2])
                                                      0.239     7.279 r  U1/q_reg[8]_i_1/O[2]
                         net (fo=1, routed)           0.000     7.279    U1/q_reg[8]_i_1_n_5
    SLICE_X1Y82          FDCE                                         r  U1/q_reg[10]/D
  -------------------------------------------------------------------    -------------------

                         (clock sys_clk_pin rise edge)
                                                     10.000    10.000 r  
    E3                                                0.000    10.000 r  CLK100MHZ (IN)
                         net (fo=0)                   0.000    10.000    CLK100MHZ
    E3                   IBUF (Prop_ibuf_I_O)         1.411    11.411 r  CLK100MHZ_IBUF_inst/O
                         net (fo=1, routed)           1.920    13.331    CLK100MHZ_IBUF
    BUFGCTRL_X0Y16       BUFG (Prop_bufg_I_O)         0.091    13.422 r  CLK100MHZ_IBUF_BUFG_inst/O
                         net (fo=19, routed)          1.597    15.020    U1/clk
    SLICE_X1Y82          FDCE                                         r  U1/q_reg[10]/C
                         clock pessimism              0.275    15.295    
                         clock uncertainty           -0.035    15.259    
    SLICE_X1Y82          FDCE (Setup_fdce_C_D)        0.062    15.321    U1/q_reg[10]
  -------------------------------------------------------------------
                         required time                         15.321    
                         arrival time                          -7.279    
  -------------------------------------------------------------------
                         slack                                  8.042    





Min Delay Paths
--------------------------------------------------------------------------------------
Slack (MET) :             0.252ns  (arrival time - required time)
  Source:                 U1/q_reg[11]/C
                            (rising edge-triggered cell FDCE clocked by sys_clk_pin  {rise@0.000ns fall@5.000ns period=10.000ns})
  Destination:            U1/q_reg[11]/D
                            (rising edge-triggered cell FDCE clocked by sys_clk_pin  {rise@0.000ns fall@5.000ns period=10.000ns})
  Path Group:             sys_clk_pin
  Path Type:              Hold (Min at Fast Process Corner)
  Requirement:            0.000ns  (sys_clk_pin rise@0.000ns - sys_clk_pin rise@0.000ns)
  Data Path Delay:        0.357ns  (logic 0.249ns (69.714%)  route 0.108ns (30.286%))
  Logic Levels:           1  (CARRY4=1)
  Clock Path Skew:        0.000ns (DCD - SCD - CPR)
    Destination Clock Delay (DCD):    2.034ns
    Source Clock Delay      (SCD):    1.517ns
    Clock Pessimism Removal (CPR):    0.516ns

    Location             Delay type                Incr(ns)  Path(ns)    Netlist Resource(s)
  -------------------------------------------------------------------    -------------------
                         (clock sys_clk_pin rise edge)
                                                      0.000     0.000 r  
    E3                                                0.000     0.000 r  CLK100MHZ (IN)
                         net (fo=0)                   0.000     0.000    CLK100MHZ
    E3                   IBUF (Prop_ibuf_I_O)         0.250     0.250 r  CLK100MHZ_IBUF_inst/O
                         net (fo=1, routed)           0.644     0.894    CLK100MHZ_IBUF
    BUFGCTRL_X0Y16       BUFG (Prop_bufg_I_O)         0.026     0.920 r  CLK100MHZ_IBUF_BUFG_inst/O
                         net (fo=19, routed)          0.598     1.517    U1/clk
    SLICE_X1Y82          FDCE                                         r  U1/q_reg[11]/C
  -------------------------------------------------------------------    -------------------
    SLICE_X1Y82          FDCE (Prop_fdce_C_Q)         0.141     1.658 r  U1/q_reg[11]/Q
                         net (fo=1, routed)           0.108     1.767    U1/q_reg_n_0_[11]
    SLICE_X1Y82          CARRY4 (Prop_carry4_S[3]_O[3])
                                                      0.108     1.875 r  U1/q_reg[8]_i_1/O[3]
                         net (fo=1, routed)           0.000     1.875    U1/q_reg[8]_i_1_n_4
    SLICE_X1Y82          FDCE                                         r  U1/q_reg[11]/D
  -------------------------------------------------------------------    -------------------

                         (clock sys_clk_pin rise edge)
                                                      0.000     0.000 r  
    E3                                                0.000     0.000 r  CLK100MHZ (IN)
                         net (fo=0)                   0.000     0.000    CLK100MHZ
    E3                   IBUF (Prop_ibuf_I_O)         0.438     0.438 r  CLK100MHZ_IBUF_inst/O
                         net (fo=1, routed)           0.699     1.136    CLK100MHZ_IBUF
    BUFGCTRL_X0Y16       BUFG (Prop_bufg_I_O)         0.029     1.165 r  CLK100MHZ_IBUF_BUFG_inst/O
                         net (fo=19, routed)          0.869     2.034    U1/clk
    SLICE_X1Y82          FDCE                                         r  U1/q_reg[11]/C
                         clock pessimism             -0.516     1.517    
    SLICE_X1Y82          FDCE (Hold_fdce_C_D)         0.105     1.622    U1/q_reg[11]
  -------------------------------------------------------------------
                         required time                         -1.622    
                         arrival time                           1.875    
  -------------------------------------------------------------------
                         slack                                  0.252    

Slack (MET) :             0.252ns  (arrival time - required time)
  Source:                 U1/q_reg[15]/C
                            (rising edge-triggered cell FDCE clocked by sys_clk_pin  {rise@0.000ns fall@5.000ns period=10.000ns})
  Destination:            U1/q_reg[15]/D
                            (rising edge-triggered cell FDCE clocked by sys_clk_pin  {rise@0.000ns fall@5.000ns period=10.000ns})
  Path Group:             sys_clk_pin
  Path Type:              Hold (Min at Fast Process Corner)
  Requirement:            0.000ns  (sys_clk_pin rise@0.000ns - sys_clk_pin rise@0.000ns)
  Data Path Delay:        0.357ns  (logic 0.249ns (69.714%)  route 0.108ns (30.286%))
  Logic Levels:           1  (CARRY4=1)
  Clock Path Skew:        0.000ns (DCD - SCD - CPR)
    Destination Clock Delay (DCD):    2.035ns
    Source Clock Delay      (SCD):    1.518ns
    Clock Pessimism Removal (CPR):    0.516ns

    Location             Delay type                Incr(ns)  Path(ns)    Netlist Resource(s)
  -------------------------------------------------------------------    -------------------
                         (clock sys_clk_pin rise edge)
                                                      0.000     0.000 r  
    E3                                                0.000     0.000 r  CLK100MHZ (IN)
                         net (fo=0)                   0.000     0.000    CLK100MHZ
    E3                   IBUF (Prop_ibuf_I_O)         0.250     0.250 r  CLK100MHZ_IBUF_inst/O
                         net (fo=1, routed)           0.644     0.894    CLK100MHZ_IBUF
    BUFGCTRL_X0Y16       BUFG (Prop_bufg_I_O)         0.026     0.920 r  CLK100MHZ_IBUF_BUFG_inst/O
                         net (fo=19, routed)          0.599     1.518    U1/clk
    SLICE_X1Y83          FDCE                                         r  U1/q_reg[15]/C
  -------------------------------------------------------------------    -------------------
    SLICE_X1Y83          FDCE (Prop_fdce_C_Q)         0.141     1.659 r  U1/q_reg[15]/Q
                         net (fo=1, routed)           0.108     1.768    U1/q_reg_n_0_[15]
    SLICE_X1Y83          CARRY4 (Prop_carry4_S[3]_O[3])
                                                      0.108     1.876 r  U1/q_reg[12]_i_1/O[3]
                         net (fo=1, routed)           0.000     1.876    U1/q_reg[12]_i_1_n_4
    SLICE_X1Y83          FDCE                                         r  U1/q_reg[15]/D
  -------------------------------------------------------------------    -------------------

                         (clock sys_clk_pin rise edge)
                                                      0.000     0.000 r  
    E3                                                0.000     0.000 r  CLK100MHZ (IN)
                         net (fo=0)                   0.000     0.000    CLK100MHZ
    E3                   IBUF (Prop_ibuf_I_O)         0.438     0.438 r  CLK100MHZ_IBUF_inst/O
                         net (fo=1, routed)           0.699     1.136    CLK100MHZ_IBUF
    BUFGCTRL_X0Y16       BUFG (Prop_bufg_I_O)         0.029     1.165 r  CLK100MHZ_IBUF_BUFG_inst/O
                         net (fo=19, routed)          0.870     2.035    U1/clk
    SLICE_X1Y83          FDCE                                         r  U1/q_reg[15]/C
                         clock pessimism             -0.516     1.518    
    SLICE_X1Y83          FDCE (Hold_fdce_C_D)         0.105     1.623    U1/q_reg[15]
  -------------------------------------------------------------------
                         required time                         -1.623    
                         arrival time                           1.876    
  -------------------------------------------------------------------
                         slack                                  0.252    

Slack (MET) :             0.252ns  (arrival time - required time)
  Source:                 U1/q_reg[3]/C
                            (rising edge-triggered cell FDCE clocked by sys_clk_pin  {rise@0.000ns fall@5.000ns period=10.000ns})
  Destination:            U1/q_reg[3]/D
                            (rising edge-triggered cell FDCE clocked by sys_clk_pin  {rise@0.000ns fall@5.000ns period=10.000ns})
  Path Group:             sys_clk_pin
  Path Type:              Hold (Min at Fast Process Corner)
  Requirement:            0.000ns  (sys_clk_pin rise@0.000ns - sys_clk_pin rise@0.000ns)
  Data Path Delay:        0.357ns  (logic 0.249ns (69.714%)  route 0.108ns (30.286%))
  Logic Levels:           1  (CARRY4=1)
  Clock Path Skew:        0.000ns (DCD - SCD - CPR)
    Destination Clock Delay (DCD):    2.032ns
    Source Clock Delay      (SCD):    1.515ns
    Clock Pessimism Removal (CPR):    0.516ns

    Location             Delay type                Incr(ns)  Path(ns)    Netlist Resource(s)
  -------------------------------------------------------------------    -------------------
                         (clock sys_clk_pin rise edge)
                                                      0.000     0.000 r  
    E3                                                0.000     0.000 r  CLK100MHZ (IN)
                         net (fo=0)                   0.000     0.000    CLK100MHZ
    E3                   IBUF (Prop_ibuf_I_O)         0.250     0.250 r  CLK100MHZ_IBUF_inst/O
                         net (fo=1, routed)           0.644     0.894    CLK100MHZ_IBUF
    BUFGCTRL_X0Y16       BUFG (Prop_bufg_I_O)         0.026     0.920 r  CLK100MHZ_IBUF_BUFG_inst/O
                         net (fo=19, routed)          0.596     1.515    U1/clk
    SLICE_X1Y80          FDCE                                         r  U1/q_reg[3]/C
  -------------------------------------------------------------------    -------------------
    SLICE_X1Y80          FDCE (Prop_fdce_C_Q)         0.141     1.656 r  U1/q_reg[3]/Q
                         net (fo=1, routed)           0.108     1.765    U1/q_reg_n_0_[3]
    SLICE_X1Y80          CARRY4 (Prop_carry4_S[3]_O[3])
                                                      0.108     1.873 r  U1/q_reg[0]_i_1/O[3]
                         net (fo=1, routed)           0.000     1.873    U1/q_reg[0]_i_1_n_4
    SLICE_X1Y80          FDCE                                         r  U1/q_reg[3]/D
  -------------------------------------------------------------------    -------------------

                         (clock sys_clk_pin rise edge)
                                                      0.000     0.000 r  
    E3                                                0.000     0.000 r  CLK100MHZ (IN)
                         net (fo=0)                   0.000     0.000    CLK100MHZ
    E3                   IBUF (Prop_ibuf_I_O)         0.438     0.438 r  CLK100MHZ_IBUF_inst/O
                         net (fo=1, routed)           0.699     1.136    CLK100MHZ_IBUF
    BUFGCTRL_X0Y16       BUFG (Prop_bufg_I_O)         0.029     1.165 r  CLK100MHZ_IBUF_BUFG_inst/O
                         net (fo=19, routed)          0.867     2.032    U1/clk
    SLICE_X1Y80          FDCE                                         r  U1/q_reg[3]/C
                         clock pessimism             -0.516     1.515    
    SLICE_X1Y80          FDCE (Hold_fdce_C_D)         0.105     1.620    U1/q_reg[3]
  -------------------------------------------------------------------
                         required time                         -1.620    
                         arrival time                           1.873    
  -------------------------------------------------------------------
                         slack                                  0.252    

Slack (MET) :             0.252ns  (arrival time - required time)
  Source:                 U1/q_reg[7]/C
                            (rising edge-triggered cell FDCE clocked by sys_clk_pin  {rise@0.000ns fall@5.000ns period=10.000ns})
  Destination:            U1/q_reg[7]/D
                            (rising edge-triggered cell FDCE clocked by sys_clk_pin  {rise@0.000ns fall@5.000ns period=10.000ns})
  Path Group:             sys_clk_pin
  Path Type:              Hold (Min at Fast Process Corner)
  Requirement:            0.000ns  (sys_clk_pin rise@0.000ns - sys_clk_pin rise@0.000ns)
  Data Path Delay:        0.357ns  (logic 0.249ns (69.714%)  route 0.108ns (30.286%))
  Logic Levels:           1  (CARRY4=1)
  Clock Path Skew:        0.000ns (DCD - SCD - CPR)
    Destination Clock Delay (DCD):    2.033ns
    Source Clock Delay      (SCD):    1.516ns
    Clock Pessimism Removal (CPR):    0.516ns

    Location             Delay type                Incr(ns)  Path(ns)    Netlist Resource(s)
  -------------------------------------------------------------------    -------------------
                         (clock sys_clk_pin rise edge)
                                                      0.000     0.000 r  
    E3                                                0.000     0.000 r  CLK100MHZ (IN)
                         net (fo=0)                   0.000     0.000    CLK100MHZ
    E3                   IBUF (Prop_ibuf_I_O)         0.250     0.250 r  CLK100MHZ_IBUF_inst/O
                         net (fo=1, routed)           0.644     0.894    CLK100MHZ_IBUF
    BUFGCTRL_X0Y16       BUFG (Prop_bufg_I_O)         0.026     0.920 r  CLK100MHZ_IBUF_BUFG_inst/O
                         net (fo=19, routed)          0.597     1.516    U1/clk
    SLICE_X1Y81          FDCE                                         r  U1/q_reg[7]/C
  -------------------------------------------------------------------    -------------------
    SLICE_X1Y81          FDCE (Prop_fdce_C_Q)         0.141     1.657 r  U1/q_reg[7]/Q
                         net (fo=1, routed)           0.108     1.766    U1/q_reg_n_0_[7]
    SLICE_X1Y81          CARRY4 (Prop_carry4_S[3]_O[3])
                                                      0.108     1.874 r  U1/q_reg[4]_i_1/O[3]
                         net (fo=1, routed)           0.000     1.874    U1/q_reg[4]_i_1_n_4
    SLICE_X1Y81          FDCE                                         r  U1/q_reg[7]/D
  -------------------------------------------------------------------    -------------------

                         (clock sys_clk_pin rise edge)
                                                      0.000     0.000 r  
    E3                                                0.000     0.000 r  CLK100MHZ (IN)
                         net (fo=0)                   0.000     0.000    CLK100MHZ
    E3                   IBUF (Prop_ibuf_I_O)         0.438     0.438 r  CLK100MHZ_IBUF_inst/O
                         net (fo=1, routed)           0.699     1.136    CLK100MHZ_IBUF
    BUFGCTRL_X0Y16       BUFG (Prop_bufg_I_O)         0.029     1.165 r  CLK100MHZ_IBUF_BUFG_inst/O
                         net (fo=19, routed)          0.868     2.033    U1/clk
    SLICE_X1Y81          FDCE                                         r  U1/q_reg[7]/C
                         clock pessimism             -0.516     1.516    
    SLICE_X1Y81          FDCE (Hold_fdce_C_D)         0.105     1.621    U1/q_reg[7]
  -------------------------------------------------------------------
                         required time                         -1.621    
                         arrival time                           1.874    
  -------------------------------------------------------------------
                         slack                                  0.252    

Slack (MET) :             0.256ns  (arrival time - required time)
  Source:                 U1/q_reg[12]/C
                            (rising edge-triggered cell FDCE clocked by sys_clk_pin  {rise@0.000ns fall@5.000ns period=10.000ns})
  Destination:            U1/q_reg[12]/D
                            (rising edge-triggered cell FDCE clocked by sys_clk_pin  {rise@0.000ns fall@5.000ns period=10.000ns})
  Path Group:             sys_clk_pin
  Path Type:              Hold (Min at Fast Process Corner)
  Requirement:            0.000ns  (sys_clk_pin rise@0.000ns - sys_clk_pin rise@0.000ns)
  Data Path Delay:        0.361ns  (logic 0.256ns (70.880%)  route 0.105ns (29.120%))
  Logic Levels:           1  (CARRY4=1)
  Clock Path Skew:        0.000ns (DCD - SCD - CPR)
    Destination Clock Delay (DCD):    2.035ns
    Source Clock Delay      (SCD):    1.518ns
    Clock Pessimism Removal (CPR):    0.516ns

    Location             Delay type                Incr(ns)  Path(ns)    Netlist Resource(s)
  -------------------------------------------------------------------    -------------------
                         (clock sys_clk_pin rise edge)
                                                      0.000     0.000 r  
    E3                                                0.000     0.000 r  CLK100MHZ (IN)
                         net (fo=0)                   0.000     0.000    CLK100MHZ
    E3                   IBUF (Prop_ibuf_I_O)         0.250     0.250 r  CLK100MHZ_IBUF_inst/O
                         net (fo=1, routed)           0.644     0.894    CLK100MHZ_IBUF
    BUFGCTRL_X0Y16       BUFG (Prop_bufg_I_O)         0.026     0.920 r  CLK100MHZ_IBUF_BUFG_inst/O
                         net (fo=19, routed)          0.599     1.518    U1/clk
    SLICE_X1Y83          FDCE                                         r  U1/q_reg[12]/C
  -------------------------------------------------------------------    -------------------
    SLICE_X1Y83          FDCE (Prop_fdce_C_Q)         0.141     1.659 r  U1/q_reg[12]/Q
                         net (fo=1, routed)           0.105     1.765    U1/q_reg_n_0_[12]
    SLICE_X1Y83          CARRY4 (Prop_carry4_S[0]_O[0])
                                                      0.115     1.880 r  U1/q_reg[12]_i_1/O[0]
                         net (fo=1, routed)           0.000     1.880    U1/q_reg[12]_i_1_n_7
    SLICE_X1Y83          FDCE                                         r  U1/q_reg[12]/D
  -------------------------------------------------------------------    -------------------

                         (clock sys_clk_pin rise edge)
                                                      0.000     0.000 r  
    E3                                                0.000     0.000 r  CLK100MHZ (IN)
                         net (fo=0)                   0.000     0.000    CLK100MHZ
    E3                   IBUF (Prop_ibuf_I_O)         0.438     0.438 r  CLK100MHZ_IBUF_inst/O
                         net (fo=1, routed)           0.699     1.136    CLK100MHZ_IBUF
    BUFGCTRL_X0Y16       BUFG (Prop_bufg_I_O)         0.029     1.165 r  CLK100MHZ_IBUF_BUFG_inst/O
                         net (fo=19, routed)          0.870     2.035    U1/clk
    SLICE_X1Y83          FDCE                                         r  U1/q_reg[12]/C
                         clock pessimism             -0.516     1.518    
    SLICE_X1Y83          FDCE (Hold_fdce_C_D)         0.105     1.623    U1/q_reg[12]
  -------------------------------------------------------------------
                         required time                         -1.623    
                         arrival time                           1.880    
  -------------------------------------------------------------------
                         slack                                  0.256    

Slack (MET) :             0.256ns  (arrival time - required time)
  Source:                 U1/q_reg[16]/C
                            (rising edge-triggered cell FDCE clocked by sys_clk_pin  {rise@0.000ns fall@5.000ns period=10.000ns})
  Destination:            U1/q_reg[16]/D
                            (rising edge-triggered cell FDCE clocked by sys_clk_pin  {rise@0.000ns fall@5.000ns period=10.000ns})
  Path Group:             sys_clk_pin
  Path Type:              Hold (Min at Fast Process Corner)
  Requirement:            0.000ns  (sys_clk_pin rise@0.000ns - sys_clk_pin rise@0.000ns)
  Data Path Delay:        0.361ns  (logic 0.256ns (70.880%)  route 0.105ns (29.120%))
  Logic Levels:           1  (CARRY4=1)
  Clock Path Skew:        0.000ns (DCD - SCD - CPR)
    Destination Clock Delay (DCD):    2.036ns
    Source Clock Delay      (SCD):    1.519ns
    Clock Pessimism Removal (CPR):    0.516ns

    Location             Delay type                Incr(ns)  Path(ns)    Netlist Resource(s)
  -------------------------------------------------------------------    -------------------
                         (clock sys_clk_pin rise edge)
                                                      0.000     0.000 r  
    E3                                                0.000     0.000 r  CLK100MHZ (IN)
                         net (fo=0)                   0.000     0.000    CLK100MHZ
    E3                   IBUF (Prop_ibuf_I_O)         0.250     0.250 r  CLK100MHZ_IBUF_inst/O
                         net (fo=1, routed)           0.644     0.894    CLK100MHZ_IBUF
    BUFGCTRL_X0Y16       BUFG (Prop_bufg_I_O)         0.026     0.920 r  CLK100MHZ_IBUF_BUFG_inst/O
                         net (fo=19, routed)          0.600     1.519    U1/clk
    SLICE_X1Y84          FDCE                                         r  U1/q_reg[16]/C
  -------------------------------------------------------------------    -------------------
    SLICE_X1Y84          FDCE (Prop_fdce_C_Q)         0.141     1.660 r  U1/q_reg[16]/Q
                         net (fo=1, routed)           0.105     1.766    U1/q_reg_n_0_[16]
    SLICE_X1Y84          CARRY4 (Prop_carry4_S[0]_O[0])
                                                      0.115     1.881 r  U1/q_reg[16]_i_1/O[0]
                         net (fo=1, routed)           0.000     1.881    U1/q_reg[16]_i_1_n_7
    SLICE_X1Y84          FDCE                                         r  U1/q_reg[16]/D
  -------------------------------------------------------------------    -------------------

                         (clock sys_clk_pin rise edge)
                                                      0.000     0.000 r  
    E3                                                0.000     0.000 r  CLK100MHZ (IN)
                         net (fo=0)                   0.000     0.000    CLK100MHZ
    E3                   IBUF (Prop_ibuf_I_O)         0.438     0.438 r  CLK100MHZ_IBUF_inst/O
                         net (fo=1, routed)           0.699     1.136    CLK100MHZ_IBUF
    BUFGCTRL_X0Y16       BUFG (Prop_bufg_I_O)         0.029     1.165 r  CLK100MHZ_IBUF_BUFG_inst/O
                         net (fo=19, routed)          0.871     2.036    U1/clk
    SLICE_X1Y84          FDCE                                         r  U1/q_reg[16]/C
                         clock pessimism             -0.516     1.519    
    SLICE_X1Y84          FDCE (Hold_fdce_C_D)         0.105     1.624    U1/q_reg[16]
  -------------------------------------------------------------------
                         required time                         -1.624    
                         arrival time                           1.881    
  -------------------------------------------------------------------
                         slack                                  0.256    

Slack (MET) :             0.256ns  (arrival time - required time)
  Source:                 U1/q_reg[8]/C
                            (rising edge-triggered cell FDCE clocked by sys_clk_pin  {rise@0.000ns fall@5.000ns period=10.000ns})
  Destination:            U1/q_reg[8]/D
                            (rising edge-triggered cell FDCE clocked by sys_clk_pin  {rise@0.000ns fall@5.000ns period=10.000ns})
  Path Group:             sys_clk_pin
  Path Type:              Hold (Min at Fast Process Corner)
  Requirement:            0.000ns  (sys_clk_pin rise@0.000ns - sys_clk_pin rise@0.000ns)
  Data Path Delay:        0.361ns  (logic 0.256ns (70.880%)  route 0.105ns (29.120%))
  Logic Levels:           1  (CARRY4=1)
  Clock Path Skew:        0.000ns (DCD - SCD - CPR)
    Destination Clock Delay (DCD):    2.034ns
    Source Clock Delay      (SCD):    1.517ns
    Clock Pessimism Removal (CPR):    0.516ns

    Location             Delay type                Incr(ns)  Path(ns)    Netlist Resource(s)
  -------------------------------------------------------------------    -------------------
                         (clock sys_clk_pin rise edge)
                                                      0.000     0.000 r  
    E3                                                0.000     0.000 r  CLK100MHZ (IN)
                         net (fo=0)                   0.000     0.000    CLK100MHZ
    E3                   IBUF (Prop_ibuf_I_O)         0.250     0.250 r  CLK100MHZ_IBUF_inst/O
                         net (fo=1, routed)           0.644     0.894    CLK100MHZ_IBUF
    BUFGCTRL_X0Y16       BUFG (Prop_bufg_I_O)         0.026     0.920 r  CLK100MHZ_IBUF_BUFG_inst/O
                         net (fo=19, routed)          0.598     1.517    U1/clk
    SLICE_X1Y82          FDCE                                         r  U1/q_reg[8]/C
  -------------------------------------------------------------------    -------------------
    SLICE_X1Y82          FDCE (Prop_fdce_C_Q)         0.141     1.658 r  U1/q_reg[8]/Q
                         net (fo=1, routed)           0.105     1.764    U1/q_reg_n_0_[8]
    SLICE_X1Y82          CARRY4 (Prop_carry4_S[0]_O[0])
                                                      0.115     1.879 r  U1/q_reg[8]_i_1/O[0]
                         net (fo=1, routed)           0.000     1.879    U1/q_reg[8]_i_1_n_7
    SLICE_X1Y82          FDCE                                         r  U1/q_reg[8]/D
  -------------------------------------------------------------------    -------------------

                         (clock sys_clk_pin rise edge)
                                                      0.000     0.000 r  
    E3                                                0.000     0.000 r  CLK100MHZ (IN)
                         net (fo=0)                   0.000     0.000    CLK100MHZ
    E3                   IBUF (Prop_ibuf_I_O)         0.438     0.438 r  CLK100MHZ_IBUF_inst/O
                         net (fo=1, routed)           0.699     1.136    CLK100MHZ_IBUF
    BUFGCTRL_X0Y16       BUFG (Prop_bufg_I_O)         0.029     1.165 r  CLK100MHZ_IBUF_BUFG_inst/O
                         net (fo=19, routed)          0.869     2.034    U1/clk
    SLICE_X1Y82          FDCE                                         r  U1/q_reg[8]/C
                         clock pessimism             -0.516     1.517    
    SLICE_X1Y82          FDCE (Hold_fdce_C_D)         0.105     1.622    U1/q_reg[8]
  -------------------------------------------------------------------
                         required time                         -1.622    
                         arrival time                           1.879    
  -------------------------------------------------------------------
                         slack                                  0.256    

Slack (MET) :             0.256ns  (arrival time - required time)
  Source:                 U1/q_reg[4]/C
                            (rising edge-triggered cell FDCE clocked by sys_clk_pin  {rise@0.000ns fall@5.000ns period=10.000ns})
  Destination:            U1/q_reg[4]/D
                            (rising edge-triggered cell FDCE clocked by sys_clk_pin  {rise@0.000ns fall@5.000ns period=10.000ns})
  Path Group:             sys_clk_pin
  Path Type:              Hold (Min at Fast Process Corner)
  Requirement:            0.000ns  (sys_clk_pin rise@0.000ns - sys_clk_pin rise@0.000ns)
  Data Path Delay:        0.361ns  (logic 0.256ns (70.880%)  route 0.105ns (29.120%))
  Logic Levels:           1  (CARRY4=1)
  Clock Path Skew:        0.000ns (DCD - SCD - CPR)
    Destination Clock Delay (DCD):    2.033ns
    Source Clock Delay      (SCD):    1.516ns
    Clock Pessimism Removal (CPR):    0.516ns

    Location             Delay type                Incr(ns)  Path(ns)    Netlist Resource(s)
  -------------------------------------------------------------------    -------------------
                         (clock sys_clk_pin rise edge)
                                                      0.000     0.000 r  
    E3                                                0.000     0.000 r  CLK100MHZ (IN)
                         net (fo=0)                   0.000     0.000    CLK100MHZ
    E3                   IBUF (Prop_ibuf_I_O)         0.250     0.250 r  CLK100MHZ_IBUF_inst/O
                         net (fo=1, routed)           0.644     0.894    CLK100MHZ_IBUF
    BUFGCTRL_X0Y16       BUFG (Prop_bufg_I_O)         0.026     0.920 r  CLK100MHZ_IBUF_BUFG_inst/O
                         net (fo=19, routed)          0.597     1.516    U1/clk
    SLICE_X1Y81          FDCE                                         r  U1/q_reg[4]/C
  -------------------------------------------------------------------    -------------------
    SLICE_X1Y81          FDCE (Prop_fdce_C_Q)         0.141     1.657 r  U1/q_reg[4]/Q
                         net (fo=1, routed)           0.105     1.763    U1/q_reg_n_0_[4]
    SLICE_X1Y81          CARRY4 (Prop_carry4_S[0]_O[0])
                                                      0.115     1.878 r  U1/q_reg[4]_i_1/O[0]
                         net (fo=1, routed)           0.000     1.878    U1/q_reg[4]_i_1_n_7
    SLICE_X1Y81          FDCE                                         r  U1/q_reg[4]/D
  -------------------------------------------------------------------    -------------------

                         (clock sys_clk_pin rise edge)
                                                      0.000     0.000 r  
    E3                                                0.000     0.000 r  CLK100MHZ (IN)
                         net (fo=0)                   0.000     0.000    CLK100MHZ
    E3                   IBUF (Prop_ibuf_I_O)         0.438     0.438 r  CLK100MHZ_IBUF_inst/O
                         net (fo=1, routed)           0.699     1.136    CLK100MHZ_IBUF
    BUFGCTRL_X0Y16       BUFG (Prop_bufg_I_O)         0.029     1.165 r  CLK100MHZ_IBUF_BUFG_inst/O
                         net (fo=19, routed)          0.868     2.033    U1/clk
    SLICE_X1Y81          FDCE                                         r  U1/q_reg[4]/C
                         clock pessimism             -0.516     1.516    
    SLICE_X1Y81          FDCE (Hold_fdce_C_D)         0.105     1.621    U1/q_reg[4]
  -------------------------------------------------------------------
                         required time                         -1.621    
                         arrival time                           1.878    
  -------------------------------------------------------------------
                         slack                                  0.256    

Slack (MET) :             0.256ns  (arrival time - required time)
  Source:                 U1/q_reg[14]/C
                            (rising edge-triggered cell FDCE clocked by sys_clk_pin  {rise@0.000ns fall@5.000ns period=10.000ns})
  Destination:            U1/q_reg[14]/D
                            (rising edge-triggered cell FDCE clocked by sys_clk_pin  {rise@0.000ns fall@5.000ns period=10.000ns})
  Path Group:             sys_clk_pin
  Path Type:              Hold (Min at Fast Process Corner)
  Requirement:            0.000ns  (sys_clk_pin rise@0.000ns - sys_clk_pin rise@0.000ns)
  Data Path Delay:        0.361ns  (logic 0.252ns (69.733%)  route 0.109ns (30.267%))
  Logic Levels:           1  (CARRY4=1)
  Clock Path Skew:        0.000ns (DCD - SCD - CPR)
    Destination Clock Delay (DCD):    2.035ns
    Source Clock Delay      (SCD):    1.518ns
    Clock Pessimism Removal (CPR):    0.516ns

    Location             Delay type                Incr(ns)  Path(ns)    Netlist Resource(s)
  -------------------------------------------------------------------    -------------------
                         (clock sys_clk_pin rise edge)
                                                      0.000     0.000 r  
    E3                                                0.000     0.000 r  CLK100MHZ (IN)
                         net (fo=0)                   0.000     0.000    CLK100MHZ
    E3                   IBUF (Prop_ibuf_I_O)         0.250     0.250 r  CLK100MHZ_IBUF_inst/O
                         net (fo=1, routed)           0.644     0.894    CLK100MHZ_IBUF
    BUFGCTRL_X0Y16       BUFG (Prop_bufg_I_O)         0.026     0.920 r  CLK100MHZ_IBUF_BUFG_inst/O
                         net (fo=19, routed)          0.599     1.518    U1/clk
    SLICE_X1Y83          FDCE                                         r  U1/q_reg[14]/C
  -------------------------------------------------------------------    -------------------
    SLICE_X1Y83          FDCE (Prop_fdce_C_Q)         0.141     1.659 r  U1/q_reg[14]/Q
                         net (fo=1, routed)           0.109     1.769    U1/q_reg_n_0_[14]
    SLICE_X1Y83          CARRY4 (Prop_carry4_S[2]_O[2])
                                                      0.111     1.880 r  U1/q_reg[12]_i_1/O[2]
                         net (fo=1, routed)           0.000     1.880    U1/q_reg[12]_i_1_n_5
    SLICE_X1Y83          FDCE                                         r  U1/q_reg[14]/D
  -------------------------------------------------------------------    -------------------

                         (clock sys_clk_pin rise edge)
                                                      0.000     0.000 r  
    E3                                                0.000     0.000 r  CLK100MHZ (IN)
                         net (fo=0)                   0.000     0.000    CLK100MHZ
    E3                   IBUF (Prop_ibuf_I_O)         0.438     0.438 r  CLK100MHZ_IBUF_inst/O
                         net (fo=1, routed)           0.699     1.136    CLK100MHZ_IBUF
    BUFGCTRL_X0Y16       BUFG (Prop_bufg_I_O)         0.029     1.165 r  CLK100MHZ_IBUF_BUFG_inst/O
                         net (fo=19, routed)          0.870     2.035    U1/clk
    SLICE_X1Y83          FDCE                                         r  U1/q_reg[14]/C
                         clock pessimism             -0.516     1.518    
    SLICE_X1Y83          FDCE (Hold_fdce_C_D)         0.105     1.623    U1/q_reg[14]
  -------------------------------------------------------------------
                         required time                         -1.623    
                         arrival time                           1.880    
  -------------------------------------------------------------------
                         slack                                  0.256    

Slack (MET) :             0.256ns  (arrival time - required time)
  Source:                 U1/q_reg[2]/C
                            (rising edge-triggered cell FDCE clocked by sys_clk_pin  {rise@0.000ns fall@5.000ns period=10.000ns})
  Destination:            U1/q_reg[2]/D
                            (rising edge-triggered cell FDCE clocked by sys_clk_pin  {rise@0.000ns fall@5.000ns period=10.000ns})
  Path Group:             sys_clk_pin
  Path Type:              Hold (Min at Fast Process Corner)
  Requirement:            0.000ns  (sys_clk_pin rise@0.000ns - sys_clk_pin rise@0.000ns)
  Data Path Delay:        0.361ns  (logic 0.252ns (69.733%)  route 0.109ns (30.267%))
  Logic Levels:           1  (CARRY4=1)
  Clock Path Skew:        0.000ns (DCD - SCD - CPR)
    Destination Clock Delay (DCD):    2.032ns
    Source Clock Delay      (SCD):    1.515ns
    Clock Pessimism Removal (CPR):    0.516ns

    Location             Delay type                Incr(ns)  Path(ns)    Netlist Resource(s)
  -------------------------------------------------------------------    -------------------
                         (clock sys_clk_pin rise edge)
                                                      0.000     0.000 r  
    E3                                                0.000     0.000 r  CLK100MHZ (IN)
                         net (fo=0)                   0.000     0.000    CLK100MHZ
    E3                   IBUF (Prop_ibuf_I_O)         0.250     0.250 r  CLK100MHZ_IBUF_inst/O
                         net (fo=1, routed)           0.644     0.894    CLK100MHZ_IBUF
    BUFGCTRL_X0Y16       BUFG (Prop_bufg_I_O)         0.026     0.920 r  CLK100MHZ_IBUF_BUFG_inst/O
                         net (fo=19, routed)          0.596     1.515    U1/clk
    SLICE_X1Y80          FDCE                                         r  U1/q_reg[2]/C
  -------------------------------------------------------------------    -------------------
    SLICE_X1Y80          FDCE (Prop_fdce_C_Q)         0.141     1.656 r  U1/q_reg[2]/Q
                         net (fo=1, routed)           0.109     1.766    U1/q_reg_n_0_[2]
    SLICE_X1Y80          CARRY4 (Prop_carry4_S[2]_O[2])
                                                      0.111     1.877 r  U1/q_reg[0]_i_1/O[2]
                         net (fo=1, routed)           0.000     1.877    U1/q_reg[0]_i_1_n_5
    SLICE_X1Y80          FDCE                                         r  U1/q_reg[2]/D
  -------------------------------------------------------------------    -------------------

                         (clock sys_clk_pin rise edge)
                                                      0.000     0.000 r  
    E3                                                0.000     0.000 r  CLK100MHZ (IN)
                         net (fo=0)                   0.000     0.000    CLK100MHZ
    E3                   IBUF (Prop_ibuf_I_O)         0.438     0.438 r  CLK100MHZ_IBUF_inst/O
                         net (fo=1, routed)           0.699     1.136    CLK100MHZ_IBUF
    BUFGCTRL_X0Y16       BUFG (Prop_bufg_I_O)         0.029     1.165 r  CLK100MHZ_IBUF_BUFG_inst/O
                         net (fo=19, routed)          0.867     2.032    U1/clk
    SLICE_X1Y80          FDCE                                         r  U1/q_reg[2]/C
                         clock pessimism             -0.516     1.515    
    SLICE_X1Y80          FDCE (Hold_fdce_C_D)         0.105     1.620    U1/q_reg[2]
  -------------------------------------------------------------------
                         required time                         -1.620    
                         arrival time                           1.877    
  -------------------------------------------------------------------
                         slack                                  0.256    





Pulse Width Checks
--------------------------------------------------------------------------------------
Clock Name:         sys_clk_pin
Waveform(ns):       { 0.000 5.000 }
Period(ns):         10.000
Sources:            { CLK100MHZ }

Check Type        Corner  Lib Pin  Reference Pin  Required(ns)  Actual(ns)  Slack(ns)  Location        Pin
Min Period        n/a     BUFG/I   n/a            2.155         10.000      7.845      BUFGCTRL_X0Y16  CLK100MHZ_IBUF_BUFG_inst/I
Min Period        n/a     FDCE/C   n/a            1.000         10.000      9.000      SLICE_X1Y80     U1/q_reg[0]/C
Min Period        n/a     FDCE/C   n/a            1.000         10.000      9.000      SLICE_X1Y82     U1/q_reg[10]/C
Min Period        n/a     FDCE/C   n/a            1.000         10.000      9.000      SLICE_X1Y82     U1/q_reg[11]/C
Min Period        n/a     FDCE/C   n/a            1.000         10.000      9.000      SLICE_X1Y83     U1/q_reg[12]/C
Min Period        n/a     FDCE/C   n/a            1.000         10.000      9.000      SLICE_X1Y83     U1/q_reg[13]/C
Min Period        n/a     FDCE/C   n/a            1.000         10.000      9.000      SLICE_X1Y83     U1/q_reg[14]/C
Min Period        n/a     FDCE/C   n/a            1.000         10.000      9.000      SLICE_X1Y83     U1/q_reg[15]/C
Min Period        n/a     FDCE/C   n/a            1.000         10.000      9.000      SLICE_X1Y84     U1/q_reg[16]/C
Min Period        n/a     FDCE/C   n/a            1.000         10.000      9.000      SLICE_X1Y84     U1/q_reg[17]/C
Low Pulse Width   Fast    FDCE/C   n/a            0.500         5.000       4.500      SLICE_X1Y80     U1/q_reg[0]/C
Low Pulse Width   Fast    FDCE/C   n/a            0.500         5.000       4.500      SLICE_X1Y80     U1/q_reg[1]/C
Low Pulse Width   Fast    FDCE/C   n/a            0.500         5.000       4.500      SLICE_X1Y80     U1/q_reg[2]/C
Low Pulse Width   Fast    FDCE/C   n/a            0.500         5.000       4.500      SLICE_X1Y80     U1/q_reg[3]/C
Low Pulse Width   Slow    FDCE/C   n/a            0.500         5.000       4.500      SLICE_X1Y82     U1/q_reg[10]/C
Low Pulse Width   Fast    FDCE/C   n/a            0.500         5.000       4.500      SLICE_X1Y82     U1/q_reg[10]/C
Low Pulse Width   Slow    FDCE/C   n/a            0.500         5.000       4.500      SLICE_X1Y82     U1/q_reg[11]/C
Low Pulse Width   Fast    FDCE/C   n/a            0.500         5.000       4.500      SLICE_X1Y82     U1/q_reg[11]/C
Low Pulse Width   Fast    FDCE/C   n/a            0.500         5.000       4.500      SLICE_X1Y84     U1/q_reg[16]/C
Low Pulse Width   Fast    FDCE/C   n/a            0.500         5.000       4.500      SLICE_X1Y84     U1/q_reg[17]/C
High Pulse Width  Slow    FDCE/C   n/a            0.500         5.000       4.500      SLICE_X1Y83     U1/q_reg[12]/C
High Pulse Width  Slow    FDCE/C   n/a            0.500         5.000       4.500      SLICE_X1Y83     U1/q_reg[13]/C
High Pulse Width  Slow    FDCE/C   n/a            0.500         5.000       4.500      SLICE_X1Y83     U1/q_reg[14]/C
High Pulse Width  Slow    FDCE/C   n/a            0.500         5.000       4.500      SLICE_X1Y83     U1/q_reg[15]/C
High Pulse Width  Slow    FDCE/C   n/a            0.500         5.000       4.500      SLICE_X1Y84     U1/q_reg[16]/C
High Pulse Width  Slow    FDCE/C   n/a            0.500         5.000       4.500      SLICE_X1Y84     U1/q_reg[17]/C
High Pulse Width  Slow    FDCE/C   n/a            0.500         5.000       4.500      SLICE_X1Y84     U1/q_reg[18]/C
High Pulse Width  Slow    FDCE/C   n/a            0.500         5.000       4.500      SLICE_X1Y80     U1/q_reg[0]/C
High Pulse Width  Fast    FDCE/C   n/a            0.500         5.000       4.500      SLICE_X1Y82     U1/q_reg[10]/C
High Pulse Width  Fast    FDCE/C   n/a            0.500         5.000       4.500      SLICE_X1Y82     U1/q_reg[11]/C



